2019-11-06 16:14:23.051  INFO 15096 --- [restartedMain] c.l.c.g.GiftManagementApplicationKt      : Starting GiftManagementApplicationKt on Windwos-LJH-W with PID 15096 (F:\idea_repository\gift_management\target\classes started by Administrator in F:\idea_repository\gift_management)
2019-11-06 16:14:23.052  INFO 15096 --- [restartedMain] c.l.c.g.GiftManagementApplicationKt      : No active profile set, falling back to default profiles: default
2019-11-06 16:14:23.088  INFO 15096 --- [restartedMain] .e.DevToolsPropertyDefaultsPostProcessor : Devtools property defaults active! Set 'spring.devtools.add-properties' to 'false' to disable
2019-11-06 16:14:23.088  INFO 15096 --- [restartedMain] .e.DevToolsPropertyDefaultsPostProcessor : For additional web related logging consider setting the 'logging.level.web' property to 'DEBUG'
2019-11-06 16:14:23.104  WARN 15096 --- [background-preinit] o.s.h.c.j.Jackson2ObjectMapperBuilder    : For Jackson Kotlin classes support please add "com.fasterxml.jackson.module:jackson-module-kotlin" to the classpath
2019-11-06 16:14:24.060  INFO 15096 --- [restartedMain] o.s.b.w.embedded.tomcat.TomcatWebServer  : Tomcat initialized with port(s): 8080 (http)
2019-11-06 16:14:24.073  INFO 15096 --- [restartedMain] o.apache.catalina.core.StandardService   : Starting service [Tomcat]
2019-11-06 16:14:24.074  INFO 15096 --- [restartedMain] org.apache.catalina.core.StandardEngine  : Starting Servlet engine: [Apache Tomcat/9.0.26]
2019-11-06 16:14:24.136  INFO 15096 --- [restartedMain] o.a.c.c.C.[Tomcat].[localhost].[/]       : Initializing Spring embedded WebApplicationContext
2019-11-06 16:14:24.136  INFO 15096 --- [restartedMain] o.s.web.context.ContextLoader            : Root WebApplicationContext: initialization completed in 1047 ms
2019-11-06 16:14:24.401  INFO 15096 --- [restartedMain] o.s.s.concurrent.ThreadPoolTaskExecutor  : Initializing ExecutorService 'applicationTaskExecutor'
2019-11-06 16:14:24.609  INFO 15096 --- [restartedMain] o.s.b.d.a.OptionalLiveReloadServer       : LiveReload server is running on port 35729
2019-11-06 16:14:24.641  INFO 15096 --- [restartedMain] o.s.b.w.embedded.tomcat.TomcatWebServer  : Tomcat started on port(s): 8080 (http) with context path ''
2019-11-06 16:14:24.643  INFO 15096 --- [restartedMain] c.l.c.g.GiftManagementApplicationKt      : Started GiftManagementApplicationKt in 1.86 seconds (JVM running for 2.367)
2019-11-06 16:14:40.864  INFO 15096 --- [http-nio-8080-exec-1] o.a.c.c.C.[Tomcat].[localhost].[/]       : Initializing Spring DispatcherServlet 'dispatcherServlet'
2019-11-06 16:14:40.865  INFO 15096 --- [http-nio-8080-exec-1] o.s.web.servlet.DispatcherServlet        : Initializing Servlet 'dispatcherServlet'
2019-11-06 16:14:40.869  INFO 15096 --- [http-nio-8080-exec-1] o.s.web.servlet.DispatcherServlet        : Completed initialization in 4 ms
2019-11-06 16:16:25.602  INFO 21716 --- [restartedMain] c.l.c.g.GiftManagementApplicationKt      : Starting GiftManagementApplicationKt on Windwos-LJH-W with PID 21716 (F:\idea_repository\gift_management\target\classes started by Administrator in F:\idea_repository\gift_management)
2019-11-06 16:16:25.603  INFO 21716 --- [restartedMain] c.l.c.g.GiftManagementApplicationKt      : No active profile set, falling back to default profiles: default
2019-11-06 16:16:25.652  INFO 21716 --- [restartedMain] .e.DevToolsPropertyDefaultsPostProcessor : Devtools property defaults active! Set 'spring.devtools.add-properties' to 'false' to disable
2019-11-06 16:16:25.652  INFO 21716 --- [restartedMain] .e.DevToolsPropertyDefaultsPostProcessor : For additional web related logging consider setting the 'logging.level.web' property to 'DEBUG'
2019-11-06 16:16:25.728  WARN 21716 --- [background-preinit] o.s.h.c.j.Jackson2ObjectMapperBuilder    : For Jackson Kotlin classes support please add "com.fasterxml.jackson.module:jackson-module-kotlin" to the classpath
2019-11-06 16:16:26.816  INFO 21716 --- [restartedMain] o.s.b.w.embedded.tomcat.TomcatWebServer  : Tomcat initialized with port(s): 8080 (http)
2019-11-06 16:16:26.832  INFO 21716 --- [restartedMain] o.apache.catalina.core.StandardService   : Starting service [Tomcat]
2019-11-06 16:16:26.832  INFO 21716 --- [restartedMain] org.apache.catalina.core.StandardEngine  : Starting Servlet engine: [Apache Tomcat/9.0.26]
2019-11-06 16:16:26.913  INFO 21716 --- [restartedMain] o.a.c.c.C.[Tomcat].[localhost].[/]       : Initializing Spring embedded WebApplicationContext
2019-11-06 16:16:26.914  INFO 21716 --- [restartedMain] o.s.web.context.ContextLoader            : Root WebApplicationContext: initialization completed in 1262 ms
2019-11-06 16:16:27.259  INFO 21716 --- [restartedMain] o.s.s.concurrent.ThreadPoolTaskExecutor  : Initializing ExecutorService 'applicationTaskExecutor'
2019-11-06 16:16:27.426  INFO 21716 --- [restartedMain] o.s.b.d.a.OptionalLiveReloadServer       : LiveReload server is running on port 35729
2019-11-06 16:16:27.463  INFO 21716 --- [restartedMain] o.s.b.w.embedded.tomcat.TomcatWebServer  : Tomcat started on port(s): 8080 (http) with context path ''
2019-11-06 16:16:27.465  INFO 21716 --- [restartedMain] c.l.c.g.GiftManagementApplicationKt      : Started GiftManagementApplicationKt in 2.151 seconds (JVM running for 2.691)
2019-11-06 16:16:29.672  INFO 21716 --- [http-nio-8080-exec-1] o.a.c.c.C.[Tomcat].[localhost].[/]       : Initializing Spring DispatcherServlet 'dispatcherServlet'
2019-11-06 16:16:29.673  INFO 21716 --- [http-nio-8080-exec-1] o.s.web.servlet.DispatcherServlet        : Initializing Servlet 'dispatcherServlet'
2019-11-06 16:16:29.677  INFO 21716 --- [http-nio-8080-exec-1] o.s.web.servlet.DispatcherServlet        : Completed initialization in 4 ms
2019-11-06 16:17:09.116  INFO 21716 --- [Thread-9] o.s.s.concurrent.ThreadPoolTaskExecutor  : Shutting down ExecutorService 'applicationTaskExecutor'
2019-11-06 16:17:09.319  INFO 21716 --- [restartedMain] c.l.c.g.GiftManagementApplicationKt      : Starting GiftManagementApplicationKt on Windwos-LJH-W with PID 21716 (F:\idea_repository\gift_management\target\classes started by Administrator in F:\idea_repository\gift_management)
2019-11-06 16:17:09.319  INFO 21716 --- [restartedMain] c.l.c.g.GiftManagementApplicationKt      : No active profile set, falling back to default profiles: default
2019-11-06 16:17:09.645  INFO 21716 --- [restartedMain] o.s.b.w.embedded.tomcat.TomcatWebServer  : Tomcat initialized with port(s): 8080 (http)
2019-11-06 16:17:09.646  INFO 21716 --- [restartedMain] o.apache.catalina.core.StandardService   : Starting service [Tomcat]
2019-11-06 16:17:09.646  INFO 21716 --- [restartedMain] org.apache.catalina.core.StandardEngine  : Starting Servlet engine: [Apache Tomcat/9.0.26]
2019-11-06 16:17:09.663  INFO 21716 --- [restartedMain] o.a.c.c.C.[Tomcat].[localhost].[/]       : Initializing Spring embedded WebApplicationContext
2019-11-06 16:17:09.663  INFO 21716 --- [restartedMain] o.s.web.context.ContextLoader            : Root WebApplicationContext: initialization completed in 341 ms
2019-11-06 16:17:09.757  INFO 21716 --- [restartedMain] o.s.s.concurrent.ThreadPoolTaskExecutor  : Initializing ExecutorService 'applicationTaskExecutor'
2019-11-06 16:17:09.827  INFO 21716 --- [restartedMain] o.s.b.d.a.OptionalLiveReloadServer       : LiveReload server is running on port 35729
2019-11-06 16:17:09.846  INFO 21716 --- [restartedMain] o.s.b.w.embedded.tomcat.TomcatWebServer  : Tomcat started on port(s): 8080 (http) with context path ''
2019-11-06 16:17:09.847  INFO 21716 --- [restartedMain] c.l.c.g.GiftManagementApplicationKt      : Started GiftManagementApplicationKt in 0.552 seconds (JVM running for 45.072)
2019-11-06 16:17:09.850  INFO 21716 --- [restartedMain] .ConditionEvaluationDeltaLoggingListener : Condition evaluation unchanged
2019-11-06 16:18:20.647  INFO 21716 --- [Thread-17] o.s.s.concurrent.ThreadPoolTaskExecutor  : Shutting down ExecutorService 'applicationTaskExecutor'
2019-11-06 16:18:20.841  INFO 21716 --- [restartedMain] c.l.c.g.GiftManagementApplicationKt      : Starting GiftManagementApplicationKt on Windwos-LJH-W with PID 21716 (F:\idea_repository\gift_management\target\classes started by Administrator in F:\idea_repository\gift_management)
2019-11-06 16:18:20.841  INFO 21716 --- [restartedMain] c.l.c.g.GiftManagementApplicationKt      : No active profile set, falling back to default profiles: default
2019-11-06 16:18:21.151  INFO 21716 --- [restartedMain] o.s.b.w.embedded.tomcat.TomcatWebServer  : Tomcat initialized with port(s): 8080 (http)
2019-11-06 16:18:21.152  INFO 21716 --- [restartedMain] o.apache.catalina.core.StandardService   : Starting service [Tomcat]
2019-11-06 16:18:21.152  INFO 21716 --- [restartedMain] org.apache.catalina.core.StandardEngine  : Starting Servlet engine: [Apache Tomcat/9.0.26]
2019-11-06 16:18:21.166  INFO 21716 --- [restartedMain] o.a.c.c.C.[Tomcat].[localhost].[/]       : Initializing Spring embedded WebApplicationContext
2019-11-06 16:18:21.166  INFO 21716 --- [restartedMain] o.s.web.context.ContextLoader            : Root WebApplicationContext: initialization completed in 323 ms
2019-11-06 16:18:21.266  INFO 21716 --- [restartedMain] o.s.s.concurrent.ThreadPoolTaskExecutor  : Initializing ExecutorService 'applicationTaskExecutor'
2019-11-06 16:18:21.352  INFO 21716 --- [restartedMain] o.s.b.d.a.OptionalLiveReloadServer       : LiveReload server is running on port 35729
2019-11-06 16:18:21.379  INFO 21716 --- [restartedMain] o.s.b.w.embedded.tomcat.TomcatWebServer  : Tomcat started on port(s): 8080 (http) with context path ''
2019-11-06 16:18:21.380  INFO 21716 --- [restartedMain] c.l.c.g.GiftManagementApplicationKt      : Started GiftManagementApplicationKt in 0.565 seconds (JVM running for 116.605)
2019-11-06 16:18:21.382  INFO 21716 --- [restartedMain] .ConditionEvaluationDeltaLoggingListener : Condition evaluation unchanged
2019-11-06 16:21:08.786  INFO 21716 --- [Thread-23] o.s.s.concurrent.ThreadPoolTaskExecutor  : Shutting down ExecutorService 'applicationTaskExecutor'
2019-11-06 16:21:08.977  INFO 21716 --- [restartedMain] c.l.c.g.GiftManagementApplicationKt      : Starting GiftManagementApplicationKt on Windwos-LJH-W with PID 21716 (F:\idea_repository\gift_management\target\classes started by Administrator in F:\idea_repository\gift_management)
2019-11-06 16:21:08.977  INFO 21716 --- [restartedMain] c.l.c.g.GiftManagementApplicationKt      : No active profile set, falling back to default profiles: default
2019-11-06 16:21:09.298  INFO 21716 --- [restartedMain] o.s.b.w.embedded.tomcat.TomcatWebServer  : Tomcat initialized with port(s): 8080 (http)
2019-11-06 16:21:09.299  INFO 21716 --- [restartedMain] o.apache.catalina.core.StandardService   : Starting service [Tomcat]
2019-11-06 16:21:09.299  INFO 21716 --- [restartedMain] org.apache.catalina.core.StandardEngine  : Starting Servlet engine: [Apache Tomcat/9.0.26]
2019-11-06 16:21:09.314  INFO 21716 --- [restartedMain] o.a.c.c.C.[Tomcat].[localhost].[/]       : Initializing Spring embedded WebApplicationContext
2019-11-06 16:21:09.314  INFO 21716 --- [restartedMain] o.s.web.context.ContextLoader            : Root WebApplicationContext: initialization completed in 334 ms
2019-11-06 16:21:09.456  INFO 21716 --- [restartedMain] o.s.s.concurrent.ThreadPoolTaskExecutor  : Initializing ExecutorService 'applicationTaskExecutor'
2019-11-06 16:21:09.565  INFO 21716 --- [restartedMain] o.s.b.d.a.OptionalLiveReloadServer       : LiveReload server is running on port 35729
2019-11-06 16:21:09.587  INFO 21716 --- [restartedMain] o.s.b.w.embedded.tomcat.TomcatWebServer  : Tomcat started on port(s): 8080 (http) with context path ''
2019-11-06 16:21:09.590  INFO 21716 --- [restartedMain] c.l.c.g.GiftManagementApplicationKt      : Started GiftManagementApplicationKt in 0.638 seconds (JVM running for 284.816)
2019-11-06 16:21:09.604  INFO 21716 --- [restartedMain] ConditionEvaluationReportLoggingListener : 

Error starting ApplicationContext. To display the conditions report re-run your application with 'debug' enabled.
2019-11-06 16:21:09.624 ERROR 21716 --- [restartedMain] o.s.boot.SpringApplication               : Application run failed

java.lang.IllegalStateException: Failed to execute CommandLineRunner
	at org.springframework.boot.SpringApplication.callRunner(SpringApplication.java:784) [spring-boot-2.1.9.RELEASE.jar:2.1.9.RELEASE]
	at org.springframework.boot.SpringApplication.callRunners(SpringApplication.java:765) [spring-boot-2.1.9.RELEASE.jar:2.1.9.RELEASE]
	at org.springframework.boot.SpringApplication.run(SpringApplication.java:319) [spring-boot-2.1.9.RELEASE.jar:2.1.9.RELEASE]
	at org.springframework.boot.SpringApplication.run(SpringApplication.java:1215) [spring-boot-2.1.9.RELEASE.jar:2.1.9.RELEASE]
	at org.springframework.boot.SpringApplication.run(SpringApplication.java:1204) [spring-boot-2.1.9.RELEASE.jar:2.1.9.RELEASE]
	at com.ljh.cash.gift_management.GiftManagementApplicationKt.main(GiftManagementApplication.kt:19) [classes/:na]
	at sun.reflect.NativeMethodAccessorImpl.invoke0(Native Method) ~[na:1.8.0_201]
	at sun.reflect.NativeMethodAccessorImpl.invoke(NativeMethodAccessorImpl.java:62) ~[na:1.8.0_201]
	at sun.reflect.DelegatingMethodAccessorImpl.invoke(DelegatingMethodAccessorImpl.java:43) ~[na:1.8.0_201]
	at java.lang.reflect.Method.invoke(Method.java:498) ~[na:1.8.0_201]
	at org.springframework.boot.devtools.restart.RestartLauncher.run(RestartLauncher.java:49) [spring-boot-devtools-2.1.9.RELEASE.jar:2.1.9.RELEASE]
Caused by: java.lang.IllegalArgumentException: You must have at least one server to connect to
	at net.spy.memcached.MemcachedClient.<init>(MemcachedClient.java:198) ~[spymemcached-2.12.2.jar:2.12.2]
	at net.spy.memcached.MemcachedClient.<init>(MemcachedClient.java:169) ~[spymemcached-2.12.2.jar:2.12.2]
	at com.ljh.cash.gift_management.configuration.SpyMemcachedConfig.run(SpyMemcachedConfig.kt:22) ~[classes/:na]
	at org.springframework.boot.SpringApplication.callRunner(SpringApplication.java:781) [spring-boot-2.1.9.RELEASE.jar:2.1.9.RELEASE]
	... 10 common frames omitted

2019-11-06 16:21:09.627  INFO 21716 --- [restartedMain] o.s.s.concurrent.ThreadPoolTaskExecutor  : Shutting down ExecutorService 'applicationTaskExecutor'
2019-11-06 16:24:32.497  INFO 21716 --- [restartedMain] c.l.c.g.GiftManagementApplicationKt      : Starting GiftManagementApplicationKt on Windwos-LJH-W with PID 21716 (F:\idea_repository\gift_management\target\classes started by Administrator in F:\idea_repository\gift_management)
2019-11-06 16:24:32.497  INFO 21716 --- [restartedMain] c.l.c.g.GiftManagementApplicationKt      : No active profile set, falling back to default profiles: default
2019-11-06 16:24:32.785  INFO 21716 --- [restartedMain] o.s.b.w.embedded.tomcat.TomcatWebServer  : Tomcat initialized with port(s): 8080 (http)
2019-11-06 16:24:32.786  INFO 21716 --- [restartedMain] o.apache.catalina.core.StandardService   : Starting service [Tomcat]
2019-11-06 16:24:32.786  INFO 21716 --- [restartedMain] org.apache.catalina.core.StandardEngine  : Starting Servlet engine: [Apache Tomcat/9.0.26]
2019-11-06 16:24:32.799  INFO 21716 --- [restartedMain] o.a.c.c.C.[Tomcat].[localhost].[/]       : Initializing Spring embedded WebApplicationContext
2019-11-06 16:24:32.799  INFO 21716 --- [restartedMain] o.s.web.context.ContextLoader            : Root WebApplicationContext: initialization completed in 299 ms
2019-11-06 16:24:32.905  INFO 21716 --- [restartedMain] o.s.s.concurrent.ThreadPoolTaskExecutor  : Initializing ExecutorService 'applicationTaskExecutor'
2019-11-06 16:24:32.965  INFO 21716 --- [restartedMain] o.s.b.d.a.OptionalLiveReloadServer       : LiveReload server is running on port 35729
2019-11-06 16:24:32.980  INFO 21716 --- [restartedMain] o.s.b.w.embedded.tomcat.TomcatWebServer  : Tomcat started on port(s): 8080 (http) with context path ''
2019-11-06 16:24:32.981  INFO 21716 --- [restartedMain] c.l.c.g.GiftManagementApplicationKt      : Started GiftManagementApplicationKt in 0.509 seconds (JVM running for 488.206)
2019-11-06 16:24:32.999  INFO 21716 --- [restartedMain] .ConditionEvaluationDeltaLoggingListener : Condition evaluation unchanged
2019-11-06 16:25:17.655  INFO 21716 --- [Thread-29] o.s.s.concurrent.ThreadPoolTaskExecutor  : Shutting down ExecutorService 'applicationTaskExecutor'
2019-11-06 16:25:17.853  INFO 21716 --- [restartedMain] c.l.c.g.GiftManagementApplicationKt      : Starting GiftManagementApplicationKt on Windwos-LJH-W with PID 21716 (F:\idea_repository\gift_management\target\classes started by Administrator in F:\idea_repository\gift_management)
2019-11-06 16:25:17.853  INFO 21716 --- [restartedMain] c.l.c.g.GiftManagementApplicationKt      : No active profile set, falling back to default profiles: default
2019-11-06 16:25:18.162  INFO 21716 --- [restartedMain] o.s.b.w.embedded.tomcat.TomcatWebServer  : Tomcat initialized with port(s): 8080 (http)
2019-11-06 16:25:18.163  INFO 21716 --- [restartedMain] o.apache.catalina.core.StandardService   : Starting service [Tomcat]
2019-11-06 16:25:18.164  INFO 21716 --- [restartedMain] org.apache.catalina.core.StandardEngine  : Starting Servlet engine: [Apache Tomcat/9.0.26]
2019-11-06 16:25:18.177  INFO 21716 --- [restartedMain] o.a.c.c.C.[Tomcat].[localhost].[/]       : Initializing Spring embedded WebApplicationContext
2019-11-06 16:25:18.178  INFO 21716 --- [restartedMain] o.s.web.context.ContextLoader            : Root WebApplicationContext: initialization completed in 322 ms
2019-11-06 16:25:18.293  INFO 21716 --- [restartedMain] o.s.s.concurrent.ThreadPoolTaskExecutor  : Initializing ExecutorService 'applicationTaskExecutor'
2019-11-06 16:25:18.377  INFO 21716 --- [restartedMain] o.s.b.d.a.OptionalLiveReloadServer       : LiveReload server is running on port 35729
2019-11-06 16:25:18.393  INFO 21716 --- [restartedMain] o.s.b.w.embedded.tomcat.TomcatWebServer  : Tomcat started on port(s): 8080 (http) with context path ''
2019-11-06 16:25:18.393  INFO 21716 --- [restartedMain] c.l.c.g.GiftManagementApplicationKt      : Started GiftManagementApplicationKt in 0.565 seconds (JVM running for 533.618)
2019-11-06 16:25:18.398  INFO 21716 --- [restartedMain] .ConditionEvaluationDeltaLoggingListener : Condition evaluation unchanged
2019-11-06 16:29:14.365  INFO 21716 --- [Thread-42] o.s.s.concurrent.ThreadPoolTaskExecutor  : Shutting down ExecutorService 'applicationTaskExecutor'
2019-11-06 16:29:14.608  INFO 21716 --- [restartedMain] c.l.c.g.GiftManagementApplicationKt      : Starting GiftManagementApplicationKt on Windwos-LJH-W with PID 21716 (F:\idea_repository\gift_management\target\classes started by Administrator in F:\idea_repository\gift_management)
2019-11-06 16:29:14.608  INFO 21716 --- [restartedMain] c.l.c.g.GiftManagementApplicationKt      : No active profile set, falling back to default profiles: default
2019-11-06 16:29:14.917  INFO 21716 --- [restartedMain] o.s.b.w.embedded.tomcat.TomcatWebServer  : Tomcat initialized with port(s): 8080 (http)
2019-11-06 16:29:14.918  INFO 21716 --- [restartedMain] o.apache.catalina.core.StandardService   : Starting service [Tomcat]
2019-11-06 16:29:14.918  INFO 21716 --- [restartedMain] org.apache.catalina.core.StandardEngine  : Starting Servlet engine: [Apache Tomcat/9.0.26]
2019-11-06 16:29:14.930  INFO 21716 --- [restartedMain] o.a.c.c.C.[Tomcat].[localhost].[/]       : Initializing Spring embedded WebApplicationContext
2019-11-06 16:29:14.930  INFO 21716 --- [restartedMain] o.s.web.context.ContextLoader            : Root WebApplicationContext: initialization completed in 319 ms
2019-11-06 16:29:15.002  INFO 21716 --- [restartedMain] o.s.s.concurrent.ThreadPoolTaskExecutor  : Initializing ExecutorService 'applicationTaskExecutor'
2019-11-06 16:29:15.051  INFO 21716 --- [restartedMain] o.s.b.d.a.OptionalLiveReloadServer       : LiveReload server is running on port 35729
2019-11-06 16:29:15.064  INFO 21716 --- [restartedMain] o.s.b.w.embedded.tomcat.TomcatWebServer  : Tomcat started on port(s): 8080 (http) with context path ''
2019-11-06 16:29:15.064  INFO 21716 --- [restartedMain] c.l.c.g.GiftManagementApplicationKt      : Started GiftManagementApplicationKt in 0.485 seconds (JVM running for 770.289)
2019-11-06 16:29:15.067  INFO 21716 --- [restartedMain] .ConditionEvaluationDeltaLoggingListener : Condition evaluation unchanged
2019-11-06 16:32:40.676  INFO 21716 --- [http-nio-8080-exec-1] o.a.c.c.C.[Tomcat].[localhost].[/]       : Initializing Spring DispatcherServlet 'dispatcherServlet'
2019-11-06 16:32:40.677  INFO 21716 --- [http-nio-8080-exec-1] o.s.web.servlet.DispatcherServlet        : Initializing Servlet 'dispatcherServlet'
2019-11-06 16:32:40.685  INFO 21716 --- [http-nio-8080-exec-1] o.s.web.servlet.DispatcherServlet        : Completed initialization in 8 ms
2019-11-06 16:32:40.700 ERROR 21716 --- [http-nio-8080-exec-1] o.a.c.c.C.[.[.[/].[dispatcherServlet]    : Servlet.service() for servlet [dispatcherServlet] in context with path [] threw exception [Request processing failed; nested exception is java.lang.IllegalArgumentException: Key must contain at least one character.] with root cause

java.lang.IllegalArgumentException: Key must contain at least one character.

2019-11-06 16:32:40.838  INFO 21716 --- [Thread-49] o.s.s.concurrent.ThreadPoolTaskExecutor  : Shutting down ExecutorService 'applicationTaskExecutor'
2019-11-06 16:32:41.037  INFO 21716 --- [restartedMain] c.l.c.g.GiftManagementApplicationKt      : Starting GiftManagementApplicationKt on Windwos-LJH-W with PID 21716 (F:\idea_repository\gift_management\target\classes started by Administrator in F:\idea_repository\gift_management)
2019-11-06 16:32:41.037  INFO 21716 --- [restartedMain] c.l.c.g.GiftManagementApplicationKt      : No active profile set, falling back to default profiles: default
2019-11-06 16:32:41.329  INFO 21716 --- [restartedMain] o.s.b.w.embedded.tomcat.TomcatWebServer  : Tomcat initialized with port(s): 8080 (http)
2019-11-06 16:32:41.330  INFO 21716 --- [restartedMain] o.apache.catalina.core.StandardService   : Starting service [Tomcat]
2019-11-06 16:32:41.330  INFO 21716 --- [restartedMain] org.apache.catalina.core.StandardEngine  : Starting Servlet engine: [Apache Tomcat/9.0.26]
2019-11-06 16:32:41.343  INFO 21716 --- [restartedMain] o.a.c.c.C.[Tomcat].[localhost].[/]       : Initializing Spring embedded WebApplicationContext
2019-11-06 16:32:41.343  INFO 21716 --- [restartedMain] o.s.web.context.ContextLoader            : Root WebApplicationContext: initialization completed in 304 ms
2019-11-06 16:32:41.435  INFO 21716 --- [restartedMain] o.s.s.concurrent.ThreadPoolTaskExecutor  : Initializing ExecutorService 'applicationTaskExecutor'
2019-11-06 16:32:41.506  INFO 21716 --- [restartedMain] o.s.b.d.a.OptionalLiveReloadServer       : LiveReload server is running on port 35729
2019-11-06 16:32:41.528  INFO 21716 --- [restartedMain] o.s.b.w.embedded.tomcat.TomcatWebServer  : Tomcat started on port(s): 8080 (http) with context path ''
2019-11-06 16:32:41.529  INFO 21716 --- [restartedMain] c.l.c.g.GiftManagementApplicationKt      : Started GiftManagementApplicationKt in 0.516 seconds (JVM running for 976.754)
2019-11-06 16:32:41.533  INFO 21716 --- [restartedMain] .ConditionEvaluationDeltaLoggingListener : Condition evaluation unchanged
2019-11-06 16:33:00.297  INFO 21716 --- [http-nio-8080-exec-1] o.a.c.c.C.[Tomcat].[localhost].[/]       : Initializing Spring DispatcherServlet 'dispatcherServlet'
2019-11-06 16:33:00.298  INFO 21716 --- [http-nio-8080-exec-1] o.s.web.servlet.DispatcherServlet        : Initializing Servlet 'dispatcherServlet'
2019-11-06 16:33:00.302  INFO 21716 --- [http-nio-8080-exec-1] o.s.web.servlet.DispatcherServlet        : Completed initialization in 4 ms
2019-11-06 16:36:49.792  INFO 21716 --- [Thread-56] o.s.s.concurrent.ThreadPoolTaskExecutor  : Shutting down ExecutorService 'applicationTaskExecutor'
2019-11-06 16:36:49.972  INFO 21716 --- [restartedMain] c.l.c.g.GiftManagementApplicationKt      : Starting GiftManagementApplicationKt on Windwos-LJH-W with PID 21716 (F:\idea_repository\gift_management\target\classes started by Administrator in F:\idea_repository\gift_management)
2019-11-06 16:36:49.973  INFO 21716 --- [restartedMain] c.l.c.g.GiftManagementApplicationKt      : No active profile set, falling back to default profiles: default
2019-11-06 16:36:50.285  INFO 21716 --- [restartedMain] o.s.b.w.embedded.tomcat.TomcatWebServer  : Tomcat initialized with port(s): 8080 (http)
2019-11-06 16:36:50.285  INFO 21716 --- [restartedMain] o.apache.catalina.core.StandardService   : Starting service [Tomcat]
2019-11-06 16:36:50.286  INFO 21716 --- [restartedMain] org.apache.catalina.core.StandardEngine  : Starting Servlet engine: [Apache Tomcat/9.0.26]
2019-11-06 16:36:50.299  INFO 21716 --- [restartedMain] o.a.c.c.C.[Tomcat].[localhost].[/]       : Initializing Spring embedded WebApplicationContext
2019-11-06 16:36:50.299  INFO 21716 --- [restartedMain] o.s.web.context.ContextLoader            : Root WebApplicationContext: initialization completed in 324 ms
2019-11-06 16:36:50.383  INFO 21716 --- [restartedMain] o.s.s.concurrent.ThreadPoolTaskExecutor  : Initializing ExecutorService 'applicationTaskExecutor'
2019-11-06 16:36:50.448  INFO 21716 --- [restartedMain] o.s.b.d.a.OptionalLiveReloadServer       : LiveReload server is running on port 35729
2019-11-06 16:36:50.463  INFO 21716 --- [restartedMain] o.s.b.w.embedded.tomcat.TomcatWebServer  : Tomcat started on port(s): 8080 (http) with context path ''
2019-11-06 16:36:50.464  INFO 21716 --- [restartedMain] c.l.c.g.GiftManagementApplicationKt      : Started GiftManagementApplicationKt in 0.514 seconds (JVM running for 1225.69)
2019-11-06 16:36:50.468  INFO 21716 --- [restartedMain] .ConditionEvaluationDeltaLoggingListener : Condition evaluation unchanged
2019-11-06 16:38:07.318  INFO 21716 --- [Thread-63] o.s.s.concurrent.ThreadPoolTaskExecutor  : Shutting down ExecutorService 'applicationTaskExecutor'
2019-11-06 16:38:07.495  INFO 21716 --- [restartedMain] c.l.c.g.GiftManagementApplicationKt      : Starting GiftManagementApplicationKt on Windwos-LJH-W with PID 21716 (F:\idea_repository\gift_management\target\classes started by Administrator in F:\idea_repository\gift_management)
2019-11-06 16:38:07.495  INFO 21716 --- [restartedMain] c.l.c.g.GiftManagementApplicationKt      : No active profile set, falling back to default profiles: default
2019-11-06 16:38:07.845  INFO 21716 --- [restartedMain] o.s.b.w.embedded.tomcat.TomcatWebServer  : Tomcat initialized with port(s): 8080 (http)
2019-11-06 16:38:07.846  INFO 21716 --- [restartedMain] o.apache.catalina.core.StandardService   : Starting service [Tomcat]
2019-11-06 16:38:07.846  INFO 21716 --- [restartedMain] org.apache.catalina.core.StandardEngine  : Starting Servlet engine: [Apache Tomcat/9.0.26]
2019-11-06 16:38:07.859  INFO 21716 --- [restartedMain] o.a.c.c.C.[Tomcat].[localhost].[/]       : Initializing Spring embedded WebApplicationContext
2019-11-06 16:38:07.859  INFO 21716 --- [restartedMain] o.s.web.context.ContextLoader            : Root WebApplicationContext: initialization completed in 361 ms
2019-11-06 16:38:07.944  INFO 21716 --- [restartedMain] o.s.s.concurrent.ThreadPoolTaskExecutor  : Initializing ExecutorService 'applicationTaskExecutor'
2019-11-06 16:38:07.995  INFO 21716 --- [restartedMain] o.s.b.d.a.OptionalLiveReloadServer       : LiveReload server is running on port 35729
2019-11-06 16:38:08.008  INFO 21716 --- [restartedMain] o.s.b.w.embedded.tomcat.TomcatWebServer  : Tomcat started on port(s): 8080 (http) with context path ''
2019-11-06 16:38:08.008  INFO 21716 --- [restartedMain] c.l.c.g.GiftManagementApplicationKt      : Started GiftManagementApplicationKt in 0.543 seconds (JVM running for 1303.234)
2019-11-06 16:38:08.011  INFO 21716 --- [restartedMain] .ConditionEvaluationDeltaLoggingListener : Condition evaluation unchanged
2019-11-06 16:39:18.567  INFO 21716 --- [Thread-75] o.s.s.concurrent.ThreadPoolTaskExecutor  : Shutting down ExecutorService 'applicationTaskExecutor'
2019-11-06 16:39:26.463  INFO 10408 --- [restartedMain] c.l.c.g.GiftManagementApplicationKt      : Starting GiftManagementApplicationKt on Windwos-LJH-W with PID 10408 (F:\idea_repository\gift_management\target\classes started by Administrator in F:\idea_repository\gift_management)
2019-11-06 16:39:26.464  INFO 10408 --- [restartedMain] c.l.c.g.GiftManagementApplicationKt      : No active profile set, falling back to default profiles: default
2019-11-06 16:39:26.501  INFO 10408 --- [restartedMain] .e.DevToolsPropertyDefaultsPostProcessor : Devtools property defaults active! Set 'spring.devtools.add-properties' to 'false' to disable
2019-11-06 16:39:26.501  INFO 10408 --- [restartedMain] .e.DevToolsPropertyDefaultsPostProcessor : For additional web related logging consider setting the 'logging.level.web' property to 'DEBUG'
2019-11-06 16:39:26.538  WARN 10408 --- [background-preinit] o.s.h.c.j.Jackson2ObjectMapperBuilder    : For Jackson Kotlin classes support please add "com.fasterxml.jackson.module:jackson-module-kotlin" to the classpath
2019-11-06 16:39:27.616  INFO 10408 --- [restartedMain] o.s.b.w.embedded.tomcat.TomcatWebServer  : Tomcat initialized with port(s): 8080 (http)
2019-11-06 16:39:27.631  INFO 10408 --- [restartedMain] o.apache.catalina.core.StandardService   : Starting service [Tomcat]
2019-11-06 16:39:27.631  INFO 10408 --- [restartedMain] org.apache.catalina.core.StandardEngine  : Starting Servlet engine: [Apache Tomcat/9.0.26]
2019-11-06 16:39:27.700  INFO 10408 --- [restartedMain] o.a.c.c.C.[Tomcat].[localhost].[/]       : Initializing Spring embedded WebApplicationContext
2019-11-06 16:39:27.700  INFO 10408 --- [restartedMain] o.s.web.context.ContextLoader            : Root WebApplicationContext: initialization completed in 1199 ms
2019-11-06 16:39:28.028  INFO 10408 --- [restartedMain] o.s.s.concurrent.ThreadPoolTaskExecutor  : Initializing ExecutorService 'applicationTaskExecutor'
2019-11-06 16:39:28.187  INFO 10408 --- [restartedMain] o.s.b.d.a.OptionalLiveReloadServer       : LiveReload server is running on port 35729
2019-11-06 16:39:28.221  INFO 10408 --- [restartedMain] o.s.b.w.embedded.tomcat.TomcatWebServer  : Tomcat started on port(s): 8080 (http) with context path ''
2019-11-06 16:39:28.223  INFO 10408 --- [restartedMain] c.l.c.g.GiftManagementApplicationKt      : Started GiftManagementApplicationKt in 2.004 seconds (JVM running for 2.471)
2019-11-06 16:40:43.071  INFO 10408 --- [Thread-9] o.s.s.concurrent.ThreadPoolTaskExecutor  : Shutting down ExecutorService 'applicationTaskExecutor'
2019-11-06 16:40:43.223  INFO 10408 --- [restartedMain] c.l.c.g.GiftManagementApplicationKt      : Starting GiftManagementApplicationKt on Windwos-LJH-W with PID 10408 (F:\idea_repository\gift_management\target\classes started by Administrator in F:\idea_repository\gift_management)
2019-11-06 16:40:43.223  INFO 10408 --- [restartedMain] c.l.c.g.GiftManagementApplicationKt      : No active profile set, falling back to default profiles: default
2019-11-06 16:40:43.543  INFO 10408 --- [restartedMain] o.s.b.w.embedded.tomcat.TomcatWebServer  : Tomcat initialized with port(s): 8080 (http)
2019-11-06 16:40:43.544  INFO 10408 --- [restartedMain] o.apache.catalina.core.StandardService   : Starting service [Tomcat]
2019-11-06 16:40:43.544  INFO 10408 --- [restartedMain] org.apache.catalina.core.StandardEngine  : Starting Servlet engine: [Apache Tomcat/9.0.26]
2019-11-06 16:40:43.562  INFO 10408 --- [restartedMain] o.a.c.c.C.[Tomcat].[localhost].[/]       : Initializing Spring embedded WebApplicationContext
2019-11-06 16:40:43.563  INFO 10408 --- [restartedMain] o.s.web.context.ContextLoader            : Root WebApplicationContext: initialization completed in 337 ms
2019-11-06 16:40:43.658  INFO 10408 --- [restartedMain] o.s.s.concurrent.ThreadPoolTaskExecutor  : Initializing ExecutorService 'applicationTaskExecutor'
2019-11-06 16:40:43.721  INFO 10408 --- [restartedMain] o.s.b.d.a.OptionalLiveReloadServer       : LiveReload server is running on port 35729
2019-11-06 16:40:43.736  INFO 10408 --- [restartedMain] o.s.b.w.embedded.tomcat.TomcatWebServer  : Tomcat started on port(s): 8080 (http) with context path ''
2019-11-06 16:40:43.737  INFO 10408 --- [restartedMain] c.l.c.g.GiftManagementApplicationKt      : Started GiftManagementApplicationKt in 0.537 seconds (JVM running for 77.984)
2019-11-06 16:40:43.741  INFO 10408 --- [restartedMain] .ConditionEvaluationDeltaLoggingListener : Condition evaluation unchanged
2019-11-06 16:40:52.348  INFO 10408 --- [http-nio-8080-exec-2] o.a.c.c.C.[Tomcat].[localhost].[/]       : Initializing Spring DispatcherServlet 'dispatcherServlet'
2019-11-06 16:40:52.349  INFO 10408 --- [http-nio-8080-exec-2] o.s.web.servlet.DispatcherServlet        : Initializing Servlet 'dispatcherServlet'
2019-11-06 16:40:52.354  INFO 10408 --- [http-nio-8080-exec-2] o.s.web.servlet.DispatcherServlet        : Completed initialization in 5 ms
2019-11-06 16:44:25.788  INFO 10408 --- [Thread-18] o.s.s.concurrent.ThreadPoolTaskExecutor  : Shutting down ExecutorService 'applicationTaskExecutor'
2019-11-06 16:44:26.180  INFO 10408 --- [restartedMain] c.l.c.g.GiftManagementApplicationKt      : Starting GiftManagementApplicationKt on Windwos-LJH-W with PID 10408 (F:\idea_repository\gift_management\target\classes started by Administrator in F:\idea_repository\gift_management)
2019-11-06 16:44:26.180  INFO 10408 --- [restartedMain] c.l.c.g.GiftManagementApplicationKt      : No active profile set, falling back to default profiles: default
2019-11-06 16:44:26.482  INFO 10408 --- [restartedMain] o.s.b.w.embedded.tomcat.TomcatWebServer  : Tomcat initialized with port(s): 8080 (http)
2019-11-06 16:44:26.484  INFO 10408 --- [restartedMain] o.apache.catalina.core.StandardService   : Starting service [Tomcat]
2019-11-06 16:44:26.484  INFO 10408 --- [restartedMain] org.apache.catalina.core.StandardEngine  : Starting Servlet engine: [Apache Tomcat/9.0.26]
2019-11-06 16:44:26.499  INFO 10408 --- [restartedMain] o.a.c.c.C.[Tomcat].[localhost].[/]       : Initializing Spring embedded WebApplicationContext
2019-11-06 16:44:26.500  INFO 10408 --- [restartedMain] o.s.web.context.ContextLoader            : Root WebApplicationContext: initialization completed in 318 ms
2019-11-06 16:44:26.589  INFO 10408 --- [restartedMain] o.s.s.concurrent.ThreadPoolTaskExecutor  : Initializing ExecutorService 'applicationTaskExecutor'
2019-11-06 16:44:26.654  INFO 10408 --- [restartedMain] o.s.b.d.a.OptionalLiveReloadServer       : LiveReload server is running on port 35729
2019-11-06 16:44:26.669  INFO 10408 --- [restartedMain] o.s.b.w.embedded.tomcat.TomcatWebServer  : Tomcat started on port(s): 8080 (http) with context path ''
2019-11-06 16:44:26.669  INFO 10408 --- [restartedMain] c.l.c.g.GiftManagementApplicationKt      : Started GiftManagementApplicationKt in 0.511 seconds (JVM running for 300.917)
2019-11-06 16:44:26.673  INFO 10408 --- [restartedMain] .ConditionEvaluationDeltaLoggingListener : Condition evaluation unchanged
2019-11-06 16:44:26.835  INFO 10408 --- [http-nio-8080-exec-3] o.a.c.c.C.[Tomcat].[localhost].[/]       : Initializing Spring DispatcherServlet 'dispatcherServlet'
2019-11-06 16:44:26.837  INFO 10408 --- [http-nio-8080-exec-3] o.s.web.servlet.DispatcherServlet        : Initializing Servlet 'dispatcherServlet'
2019-11-06 16:44:26.843  INFO 10408 --- [http-nio-8080-exec-3] o.s.web.servlet.DispatcherServlet        : Completed initialization in 5 ms
2019-11-06 16:44:41.542  INFO 10408 --- [Thread-25] o.s.s.concurrent.ThreadPoolTaskExecutor  : Shutting down ExecutorService 'applicationTaskExecutor'
2019-11-06 16:44:41.727  INFO 10408 --- [restartedMain] c.l.c.g.GiftManagementApplicationKt      : Starting GiftManagementApplicationKt on Windwos-LJH-W with PID 10408 (F:\idea_repository\gift_management\target\classes started by Administrator in F:\idea_repository\gift_management)
2019-11-06 16:44:41.727  INFO 10408 --- [restartedMain] c.l.c.g.GiftManagementApplicationKt      : No active profile set, falling back to default profiles: default
2019-11-06 16:44:41.956  INFO 10408 --- [restartedMain] o.s.b.w.embedded.tomcat.TomcatWebServer  : Tomcat initialized with port(s): 8080 (http)
2019-11-06 16:44:41.957  INFO 10408 --- [restartedMain] o.apache.catalina.core.StandardService   : Starting service [Tomcat]
2019-11-06 16:44:41.957  INFO 10408 --- [restartedMain] org.apache.catalina.core.StandardEngine  : Starting Servlet engine: [Apache Tomcat/9.0.26]
2019-11-06 16:44:41.969  INFO 10408 --- [restartedMain] o.a.c.c.C.[Tomcat].[localhost].[/]       : Initializing Spring embedded WebApplicationContext
2019-11-06 16:44:41.969  INFO 10408 --- [restartedMain] o.s.web.context.ContextLoader            : Root WebApplicationContext: initialization completed in 241 ms
2019-11-06 16:44:42.046  INFO 10408 --- [restartedMain] o.s.s.concurrent.ThreadPoolTaskExecutor  : Initializing ExecutorService 'applicationTaskExecutor'
2019-11-06 16:44:42.094  INFO 10408 --- [restartedMain] o.s.b.d.a.OptionalLiveReloadServer       : LiveReload server is running on port 35729
2019-11-06 16:44:42.106  INFO 10408 --- [restartedMain] o.s.b.w.embedded.tomcat.TomcatWebServer  : Tomcat started on port(s): 8080 (http) with context path ''
2019-11-06 16:44:42.106  INFO 10408 --- [restartedMain] c.l.c.g.GiftManagementApplicationKt      : Started GiftManagementApplicationKt in 0.401 seconds (JVM running for 316.354)
2019-11-06 16:44:42.109  INFO 10408 --- [restartedMain] .ConditionEvaluationDeltaLoggingListener : Condition evaluation unchanged
2019-11-06 16:44:45.451  INFO 10408 --- [http-nio-8080-exec-1] o.a.c.c.C.[Tomcat].[localhost].[/]       : Initializing Spring DispatcherServlet 'dispatcherServlet'
2019-11-06 16:44:45.452  INFO 10408 --- [http-nio-8080-exec-1] o.s.web.servlet.DispatcherServlet        : Initializing Servlet 'dispatcherServlet'
2019-11-06 16:44:45.455  INFO 10408 --- [http-nio-8080-exec-1] o.s.web.servlet.DispatcherServlet        : Completed initialization in 3 ms
2019-11-06 17:00:20.059  INFO 10408 --- [Thread-32] o.s.s.concurrent.ThreadPoolTaskExecutor  : Shutting down ExecutorService 'applicationTaskExecutor'
2019-11-06 17:00:20.221  INFO 10408 --- [restartedMain] c.l.c.g.GiftManagementApplicationKt      : Starting GiftManagementApplicationKt on Windwos-LJH-W with PID 10408 (F:\idea_repository\gift_management\target\classes started by Administrator in F:\idea_repository\gift_management)
2019-11-06 17:00:20.221  INFO 10408 --- [restartedMain] c.l.c.g.GiftManagementApplicationKt      : No active profile set, falling back to default profiles: default
2019-11-06 17:00:20.505  INFO 10408 --- [restartedMain] o.s.b.w.embedded.tomcat.TomcatWebServer  : Tomcat initialized with port(s): 8080 (http)
2019-11-06 17:00:20.506  INFO 10408 --- [restartedMain] o.apache.catalina.core.StandardService   : Starting service [Tomcat]
2019-11-06 17:00:20.506  INFO 10408 --- [restartedMain] org.apache.catalina.core.StandardEngine  : Starting Servlet engine: [Apache Tomcat/9.0.26]
2019-11-06 17:00:20.520  INFO 10408 --- [restartedMain] o.a.c.c.C.[Tomcat].[localhost].[/]       : Initializing Spring embedded WebApplicationContext
2019-11-06 17:00:20.520  INFO 10408 --- [restartedMain] o.s.web.context.ContextLoader            : Root WebApplicationContext: initialization completed in 297 ms
2019-11-06 17:00:20.602  INFO 10408 --- [restartedMain] o.s.s.concurrent.ThreadPoolTaskExecutor  : Initializing ExecutorService 'applicationTaskExecutor'
2019-11-06 17:00:20.667  INFO 10408 --- [restartedMain] o.s.b.d.a.OptionalLiveReloadServer       : LiveReload server is running on port 35729
2019-11-06 17:00:20.681  INFO 10408 --- [restartedMain] o.s.b.w.embedded.tomcat.TomcatWebServer  : Tomcat started on port(s): 8080 (http) with context path ''
2019-11-06 17:00:20.682  INFO 10408 --- [restartedMain] c.l.c.g.GiftManagementApplicationKt      : Started GiftManagementApplicationKt in 0.48 seconds (JVM running for 1254.929)
2019-11-06 17:00:20.686  INFO 10408 --- [restartedMain] .ConditionEvaluationDeltaLoggingListener : Condition evaluation unchanged
2019-11-06 17:00:24.552  INFO 10408 --- [http-nio-8080-exec-4] o.a.c.c.C.[Tomcat].[localhost].[/]       : Initializing Spring DispatcherServlet 'dispatcherServlet'
2019-11-06 17:00:24.552  INFO 10408 --- [http-nio-8080-exec-4] o.s.web.servlet.DispatcherServlet        : Initializing Servlet 'dispatcherServlet'
2019-11-06 17:00:24.557  INFO 10408 --- [http-nio-8080-exec-4] o.s.web.servlet.DispatcherServlet        : Completed initialization in 5 ms
2019-11-06 17:00:25.576 ERROR 10408 --- [http-nio-8080-exec-4] org.thymeleaf.TemplateEngine             : [THYMELEAF][http-nio-8080-exec-4] Exception processing template "test sypMemcached cache value.": Error resolving template [test sypMemcached cache value.], template might not exist or might not be accessible by any of the configured Template Resolvers

org.thymeleaf.exceptions.TemplateInputException: Error resolving template [test sypMemcached cache value.], template might not exist or might not be accessible by any of the configured Template Resolvers
	at org.thymeleaf.engine.TemplateManager.resolveTemplate(TemplateManager.java:869) ~[thymeleaf-3.0.11.RELEASE.jar:3.0.11.RELEASE]
	at org.thymeleaf.engine.TemplateManager.parseAndProcess(TemplateManager.java:607) ~[thymeleaf-3.0.11.RELEASE.jar:3.0.11.RELEASE]
	at org.thymeleaf.TemplateEngine.process(TemplateEngine.java:1098) [thymeleaf-3.0.11.RELEASE.jar:3.0.11.RELEASE]
	at org.thymeleaf.TemplateEngine.process(TemplateEngine.java:1072) [thymeleaf-3.0.11.RELEASE.jar:3.0.11.RELEASE]
	at org.thymeleaf.spring5.view.ThymeleafView.renderFragment(ThymeleafView.java:362) [thymeleaf-spring5-3.0.11.RELEASE.jar:3.0.11.RELEASE]
	at org.thymeleaf.spring5.view.ThymeleafView.render(ThymeleafView.java:189) [thymeleaf-spring5-3.0.11.RELEASE.jar:3.0.11.RELEASE]
	at org.springframework.web.servlet.DispatcherServlet.render(DispatcherServlet.java:1372) [spring-webmvc-5.1.10.RELEASE.jar:5.1.10.RELEASE]
	at org.springframework.web.servlet.DispatcherServlet.processDispatchResult(DispatcherServlet.java:1118) [spring-webmvc-5.1.10.RELEASE.jar:5.1.10.RELEASE]
	at org.springframework.web.servlet.DispatcherServlet.doDispatch(DispatcherServlet.java:1057) [spring-webmvc-5.1.10.RELEASE.jar:5.1.10.RELEASE]
	at org.springframework.web.servlet.DispatcherServlet.doService(DispatcherServlet.java:943) [spring-webmvc-5.1.10.RELEASE.jar:5.1.10.RELEASE]
	at org.springframework.web.servlet.FrameworkServlet.processRequest(FrameworkServlet.java:1006) [spring-webmvc-5.1.10.RELEASE.jar:5.1.10.RELEASE]
	at org.springframework.web.servlet.FrameworkServlet.doGet(FrameworkServlet.java:898) [spring-webmvc-5.1.10.RELEASE.jar:5.1.10.RELEASE]
	at javax.servlet.http.HttpServlet.service(HttpServlet.java:634) [tomcat-embed-core-9.0.26.jar:9.0.26]
	at org.springframework.web.servlet.FrameworkServlet.service(FrameworkServlet.java:883) [spring-webmvc-5.1.10.RELEASE.jar:5.1.10.RELEASE]
	at javax.servlet.http.HttpServlet.service(HttpServlet.java:741) [tomcat-embed-core-9.0.26.jar:9.0.26]
	at org.apache.catalina.core.ApplicationFilterChain.internalDoFilter(ApplicationFilterChain.java:231) [tomcat-embed-core-9.0.26.jar:9.0.26]
	at org.apache.catalina.core.ApplicationFilterChain.doFilter(ApplicationFilterChain.java:166) [tomcat-embed-core-9.0.26.jar:9.0.26]
	at org.apache.tomcat.websocket.server.WsFilter.doFilter(WsFilter.java:53) [tomcat-embed-websocket-9.0.26.jar:9.0.26]
	at org.apache.catalina.core.ApplicationFilterChain.internalDoFilter(ApplicationFilterChain.java:193) [tomcat-embed-core-9.0.26.jar:9.0.26]
	at org.apache.catalina.core.ApplicationFilterChain.doFilter(ApplicationFilterChain.java:166) [tomcat-embed-core-9.0.26.jar:9.0.26]
	at org.springframework.web.servlet.resource.ResourceUrlEncodingFilter.doFilter(ResourceUrlEncodingFilter.java:64) [spring-webmvc-5.1.10.RELEASE.jar:5.1.10.RELEASE]
	at org.apache.catalina.core.ApplicationFilterChain.internalDoFilter(ApplicationFilterChain.java:193) [tomcat-embed-core-9.0.26.jar:9.0.26]
	at org.apache.catalina.core.ApplicationFilterChain.doFilter(ApplicationFilterChain.java:166) [tomcat-embed-core-9.0.26.jar:9.0.26]
	at org.springframework.web.filter.RequestContextFilter.doFilterInternal(RequestContextFilter.java:100) [spring-web-5.1.10.RELEASE.jar:5.1.10.RELEASE]
	at org.springframework.web.filter.OncePerRequestFilter.doFilter(OncePerRequestFilter.java:119) [spring-web-5.1.10.RELEASE.jar:5.1.10.RELEASE]
	at org.apache.catalina.core.ApplicationFilterChain.internalDoFilter(ApplicationFilterChain.java:193) [tomcat-embed-core-9.0.26.jar:9.0.26]
	at org.apache.catalina.core.ApplicationFilterChain.doFilter(ApplicationFilterChain.java:166) [tomcat-embed-core-9.0.26.jar:9.0.26]
	at org.springframework.web.filter.FormContentFilter.doFilterInternal(FormContentFilter.java:93) [spring-web-5.1.10.RELEASE.jar:5.1.10.RELEASE]
	at org.springframework.web.filter.OncePerRequestFilter.doFilter(OncePerRequestFilter.java:119) [spring-web-5.1.10.RELEASE.jar:5.1.10.RELEASE]
	at org.apache.catalina.core.ApplicationFilterChain.internalDoFilter(ApplicationFilterChain.java:193) [tomcat-embed-core-9.0.26.jar:9.0.26]
	at org.apache.catalina.core.ApplicationFilterChain.doFilter(ApplicationFilterChain.java:166) [tomcat-embed-core-9.0.26.jar:9.0.26]
	at org.springframework.web.filter.HiddenHttpMethodFilter.doFilterInternal(HiddenHttpMethodFilter.java:94) [spring-web-5.1.10.RELEASE.jar:5.1.10.RELEASE]
	at org.springframework.web.filter.OncePerRequestFilter.doFilter(OncePerRequestFilter.java:119) [spring-web-5.1.10.RELEASE.jar:5.1.10.RELEASE]
	at org.apache.catalina.core.ApplicationFilterChain.internalDoFilter(ApplicationFilterChain.java:193) [tomcat-embed-core-9.0.26.jar:9.0.26]
	at org.apache.catalina.core.ApplicationFilterChain.doFilter(ApplicationFilterChain.java:166) [tomcat-embed-core-9.0.26.jar:9.0.26]
	at org.springframework.web.filter.CharacterEncodingFilter.doFilterInternal(CharacterEncodingFilter.java:201) [spring-web-5.1.10.RELEASE.jar:5.1.10.RELEASE]
	at org.springframework.web.filter.OncePerRequestFilter.doFilter(OncePerRequestFilter.java:119) [spring-web-5.1.10.RELEASE.jar:5.1.10.RELEASE]
	at org.apache.catalina.core.ApplicationFilterChain.internalDoFilter(ApplicationFilterChain.java:193) [tomcat-embed-core-9.0.26.jar:9.0.26]
	at org.apache.catalina.core.ApplicationFilterChain.doFilter(ApplicationFilterChain.java:166) [tomcat-embed-core-9.0.26.jar:9.0.26]
	at org.apache.catalina.core.StandardWrapperValve.invoke(StandardWrapperValve.java:202) [tomcat-embed-core-9.0.26.jar:9.0.26]
	at org.apache.catalina.core.StandardContextValve.invoke(StandardContextValve.java:96) [tomcat-embed-core-9.0.26.jar:9.0.26]
	at org.apache.catalina.authenticator.AuthenticatorBase.invoke(AuthenticatorBase.java:526) [tomcat-embed-core-9.0.26.jar:9.0.26]
	at org.apache.catalina.core.StandardHostValve.invoke(StandardHostValve.java:139) [tomcat-embed-core-9.0.26.jar:9.0.26]
	at org.apache.catalina.valves.ErrorReportValve.invoke(ErrorReportValve.java:92) [tomcat-embed-core-9.0.26.jar:9.0.26]
	at org.apache.catalina.core.StandardEngineValve.invoke(StandardEngineValve.java:74) [tomcat-embed-core-9.0.26.jar:9.0.26]
	at org.apache.catalina.connector.CoyoteAdapter.service(CoyoteAdapter.java:343) [tomcat-embed-core-9.0.26.jar:9.0.26]
	at org.apache.coyote.http11.Http11Processor.service(Http11Processor.java:408) [tomcat-embed-core-9.0.26.jar:9.0.26]
	at org.apache.coyote.AbstractProcessorLight.process(AbstractProcessorLight.java:66) [tomcat-embed-core-9.0.26.jar:9.0.26]
	at org.apache.coyote.AbstractProtocol$ConnectionHandler.process(AbstractProtocol.java:860) [tomcat-embed-core-9.0.26.jar:9.0.26]
	at org.apache.tomcat.util.net.NioEndpoint$SocketProcessor.doRun(NioEndpoint.java:1589) [tomcat-embed-core-9.0.26.jar:9.0.26]
	at org.apache.tomcat.util.net.SocketProcessorBase.run(SocketProcessorBase.java:49) [tomcat-embed-core-9.0.26.jar:9.0.26]
	at java.util.concurrent.ThreadPoolExecutor.runWorker(ThreadPoolExecutor.java:1149) [na:1.8.0_201]
	at java.util.concurrent.ThreadPoolExecutor$Worker.run(ThreadPoolExecutor.java:624) [na:1.8.0_201]
	at org.apache.tomcat.util.threads.TaskThread$WrappingRunnable.run(TaskThread.java:61) [tomcat-embed-core-9.0.26.jar:9.0.26]
	at java.lang.Thread.run(Thread.java:748) [na:1.8.0_201]

2019-11-06 17:00:25.582 ERROR 10408 --- [http-nio-8080-exec-4] o.a.c.c.C.[.[.[/].[dispatcherServlet]    : Servlet.service() for servlet [dispatcherServlet] in context with path [] threw exception [Request processing failed; nested exception is org.thymeleaf.exceptions.TemplateInputException: Error resolving template [test sypMemcached cache value.], template might not exist or might not be accessible by any of the configured Template Resolvers] with root cause

org.thymeleaf.exceptions.TemplateInputException: Error resolving template [test sypMemcached cache value.], template might not exist or might not be accessible by any of the configured Template Resolvers
	at org.thymeleaf.engine.TemplateManager.resolveTemplate(TemplateManager.java:869) ~[thymeleaf-3.0.11.RELEASE.jar:3.0.11.RELEASE]
	at org.thymeleaf.engine.TemplateManager.parseAndProcess(TemplateManager.java:607) ~[thymeleaf-3.0.11.RELEASE.jar:3.0.11.RELEASE]
	at org.thymeleaf.TemplateEngine.process(TemplateEngine.java:1098) ~[thymeleaf-3.0.11.RELEASE.jar:3.0.11.RELEASE]
	at org.thymeleaf.TemplateEngine.process(TemplateEngine.java:1072) ~[thymeleaf-3.0.11.RELEASE.jar:3.0.11.RELEASE]
	at org.thymeleaf.spring5.view.ThymeleafView.renderFragment(ThymeleafView.java:362) ~[thymeleaf-spring5-3.0.11.RELEASE.jar:3.0.11.RELEASE]
	at org.thymeleaf.spring5.view.ThymeleafView.render(ThymeleafView.java:189) ~[thymeleaf-spring5-3.0.11.RELEASE.jar:3.0.11.RELEASE]
	at org.springframework.web.servlet.DispatcherServlet.render(DispatcherServlet.java:1372) ~[spring-webmvc-5.1.10.RELEASE.jar:5.1.10.RELEASE]
	at org.springframework.web.servlet.DispatcherServlet.processDispatchResult(DispatcherServlet.java:1118) ~[spring-webmvc-5.1.10.RELEASE.jar:5.1.10.RELEASE]
	at org.springframework.web.servlet.DispatcherServlet.doDispatch(DispatcherServlet.java:1057) ~[spring-webmvc-5.1.10.RELEASE.jar:5.1.10.RELEASE]
	at org.springframework.web.servlet.DispatcherServlet.doService(DispatcherServlet.java:943) ~[spring-webmvc-5.1.10.RELEASE.jar:5.1.10.RELEASE]
	at org.springframework.web.servlet.FrameworkServlet.processRequest(FrameworkServlet.java:1006) ~[spring-webmvc-5.1.10.RELEASE.jar:5.1.10.RELEASE]
	at org.springframework.web.servlet.FrameworkServlet.doGet(FrameworkServlet.java:898) ~[spring-webmvc-5.1.10.RELEASE.jar:5.1.10.RELEASE]
	at javax.servlet.http.HttpServlet.service(HttpServlet.java:634) ~[tomcat-embed-core-9.0.26.jar:9.0.26]
	at org.springframework.web.servlet.FrameworkServlet.service(FrameworkServlet.java:883) ~[spring-webmvc-5.1.10.RELEASE.jar:5.1.10.RELEASE]
	at javax.servlet.http.HttpServlet.service(HttpServlet.java:741) ~[tomcat-embed-core-9.0.26.jar:9.0.26]
	at org.apache.catalina.core.ApplicationFilterChain.internalDoFilter(ApplicationFilterChain.java:231) ~[tomcat-embed-core-9.0.26.jar:9.0.26]
	at org.apache.catalina.core.ApplicationFilterChain.doFilter(ApplicationFilterChain.java:166) ~[tomcat-embed-core-9.0.26.jar:9.0.26]
	at org.apache.tomcat.websocket.server.WsFilter.doFilter(WsFilter.java:53) ~[tomcat-embed-websocket-9.0.26.jar:9.0.26]
	at org.apache.catalina.core.ApplicationFilterChain.internalDoFilter(ApplicationFilterChain.java:193) ~[tomcat-embed-core-9.0.26.jar:9.0.26]
	at org.apache.catalina.core.ApplicationFilterChain.doFilter(ApplicationFilterChain.java:166) ~[tomcat-embed-core-9.0.26.jar:9.0.26]
	at org.springframework.web.servlet.resource.ResourceUrlEncodingFilter.doFilter(ResourceUrlEncodingFilter.java:64) ~[spring-webmvc-5.1.10.RELEASE.jar:5.1.10.RELEASE]
	at org.apache.catalina.core.ApplicationFilterChain.internalDoFilter(ApplicationFilterChain.java:193) ~[tomcat-embed-core-9.0.26.jar:9.0.26]
	at org.apache.catalina.core.ApplicationFilterChain.doFilter(ApplicationFilterChain.java:166) ~[tomcat-embed-core-9.0.26.jar:9.0.26]
	at org.springframework.web.filter.RequestContextFilter.doFilterInternal(RequestContextFilter.java:100) ~[spring-web-5.1.10.RELEASE.jar:5.1.10.RELEASE]
	at org.springframework.web.filter.OncePerRequestFilter.doFilter(OncePerRequestFilter.java:119) ~[spring-web-5.1.10.RELEASE.jar:5.1.10.RELEASE]
	at org.apache.catalina.core.ApplicationFilterChain.internalDoFilter(ApplicationFilterChain.java:193) ~[tomcat-embed-core-9.0.26.jar:9.0.26]
	at org.apache.catalina.core.ApplicationFilterChain.doFilter(ApplicationFilterChain.java:166) ~[tomcat-embed-core-9.0.26.jar:9.0.26]
	at org.springframework.web.filter.FormContentFilter.doFilterInternal(FormContentFilter.java:93) ~[spring-web-5.1.10.RELEASE.jar:5.1.10.RELEASE]
	at org.springframework.web.filter.OncePerRequestFilter.doFilter(OncePerRequestFilter.java:119) ~[spring-web-5.1.10.RELEASE.jar:5.1.10.RELEASE]
	at org.apache.catalina.core.ApplicationFilterChain.internalDoFilter(ApplicationFilterChain.java:193) ~[tomcat-embed-core-9.0.26.jar:9.0.26]
	at org.apache.catalina.core.ApplicationFilterChain.doFilter(ApplicationFilterChain.java:166) ~[tomcat-embed-core-9.0.26.jar:9.0.26]
	at org.springframework.web.filter.HiddenHttpMethodFilter.doFilterInternal(HiddenHttpMethodFilter.java:94) ~[spring-web-5.1.10.RELEASE.jar:5.1.10.RELEASE]
	at org.springframework.web.filter.OncePerRequestFilter.doFilter(OncePerRequestFilter.java:119) ~[spring-web-5.1.10.RELEASE.jar:5.1.10.RELEASE]
	at org.apache.catalina.core.ApplicationFilterChain.internalDoFilter(ApplicationFilterChain.java:193) ~[tomcat-embed-core-9.0.26.jar:9.0.26]
	at org.apache.catalina.core.ApplicationFilterChain.doFilter(ApplicationFilterChain.java:166) ~[tomcat-embed-core-9.0.26.jar:9.0.26]
	at org.springframework.web.filter.CharacterEncodingFilter.doFilterInternal(CharacterEncodingFilter.java:201) ~[spring-web-5.1.10.RELEASE.jar:5.1.10.RELEASE]
	at org.springframework.web.filter.OncePerRequestFilter.doFilter(OncePerRequestFilter.java:119) ~[spring-web-5.1.10.RELEASE.jar:5.1.10.RELEASE]
	at org.apache.catalina.core.ApplicationFilterChain.internalDoFilter(ApplicationFilterChain.java:193) ~[tomcat-embed-core-9.0.26.jar:9.0.26]
	at org.apache.catalina.core.ApplicationFilterChain.doFilter(ApplicationFilterChain.java:166) ~[tomcat-embed-core-9.0.26.jar:9.0.26]
	at org.apache.catalina.core.StandardWrapperValve.invoke(StandardWrapperValve.java:202) ~[tomcat-embed-core-9.0.26.jar:9.0.26]
	at org.apache.catalina.core.StandardContextValve.invoke(StandardContextValve.java:96) [tomcat-embed-core-9.0.26.jar:9.0.26]
	at org.apache.catalina.authenticator.AuthenticatorBase.invoke(AuthenticatorBase.java:526) [tomcat-embed-core-9.0.26.jar:9.0.26]
	at org.apache.catalina.core.StandardHostValve.invoke(StandardHostValve.java:139) [tomcat-embed-core-9.0.26.jar:9.0.26]
	at org.apache.catalina.valves.ErrorReportValve.invoke(ErrorReportValve.java:92) [tomcat-embed-core-9.0.26.jar:9.0.26]
	at org.apache.catalina.core.StandardEngineValve.invoke(StandardEngineValve.java:74) [tomcat-embed-core-9.0.26.jar:9.0.26]
	at org.apache.catalina.connector.CoyoteAdapter.service(CoyoteAdapter.java:343) [tomcat-embed-core-9.0.26.jar:9.0.26]
	at org.apache.coyote.http11.Http11Processor.service(Http11Processor.java:408) [tomcat-embed-core-9.0.26.jar:9.0.26]
	at org.apache.coyote.AbstractProcessorLight.process(AbstractProcessorLight.java:66) [tomcat-embed-core-9.0.26.jar:9.0.26]
	at org.apache.coyote.AbstractProtocol$ConnectionHandler.process(AbstractProtocol.java:860) [tomcat-embed-core-9.0.26.jar:9.0.26]
	at org.apache.tomcat.util.net.NioEndpoint$SocketProcessor.doRun(NioEndpoint.java:1589) [tomcat-embed-core-9.0.26.jar:9.0.26]
	at org.apache.tomcat.util.net.SocketProcessorBase.run(SocketProcessorBase.java:49) [tomcat-embed-core-9.0.26.jar:9.0.26]
	at java.util.concurrent.ThreadPoolExecutor.runWorker(ThreadPoolExecutor.java:1149) [na:1.8.0_201]
	at java.util.concurrent.ThreadPoolExecutor$Worker.run(ThreadPoolExecutor.java:624) [na:1.8.0_201]
	at org.apache.tomcat.util.threads.TaskThread$WrappingRunnable.run(TaskThread.java:61) [tomcat-embed-core-9.0.26.jar:9.0.26]
	at java.lang.Thread.run(Thread.java:748) [na:1.8.0_201]

2019-11-06 17:01:06.773  INFO 10408 --- [Thread-39] o.s.s.concurrent.ThreadPoolTaskExecutor  : Shutting down ExecutorService 'applicationTaskExecutor'
2019-11-06 17:01:06.941  INFO 10408 --- [restartedMain] c.l.c.g.GiftManagementApplicationKt      : Starting GiftManagementApplicationKt on Windwos-LJH-W with PID 10408 (F:\idea_repository\gift_management\target\classes started by Administrator in F:\idea_repository\gift_management)
2019-11-06 17:01:06.941  INFO 10408 --- [restartedMain] c.l.c.g.GiftManagementApplicationKt      : No active profile set, falling back to default profiles: default
2019-11-06 17:01:07.165  INFO 10408 --- [restartedMain] o.s.b.w.embedded.tomcat.TomcatWebServer  : Tomcat initialized with port(s): 8080 (http)
2019-11-06 17:01:07.166  INFO 10408 --- [restartedMain] o.apache.catalina.core.StandardService   : Starting service [Tomcat]
2019-11-06 17:01:07.166  INFO 10408 --- [restartedMain] org.apache.catalina.core.StandardEngine  : Starting Servlet engine: [Apache Tomcat/9.0.26]
2019-11-06 17:01:07.178  INFO 10408 --- [restartedMain] o.a.c.c.C.[Tomcat].[localhost].[/]       : Initializing Spring embedded WebApplicationContext
2019-11-06 17:01:07.179  INFO 10408 --- [restartedMain] o.s.web.context.ContextLoader            : Root WebApplicationContext: initialization completed in 236 ms
2019-11-06 17:01:07.250  INFO 10408 --- [restartedMain] o.s.s.concurrent.ThreadPoolTaskExecutor  : Initializing ExecutorService 'applicationTaskExecutor'
2019-11-06 17:01:07.301  INFO 10408 --- [restartedMain] o.s.b.d.a.OptionalLiveReloadServer       : LiveReload server is running on port 35729
2019-11-06 17:01:07.313  INFO 10408 --- [restartedMain] o.s.b.w.embedded.tomcat.TomcatWebServer  : Tomcat started on port(s): 8080 (http) with context path ''
2019-11-06 17:01:07.313  INFO 10408 --- [restartedMain] c.l.c.g.GiftManagementApplicationKt      : Started GiftManagementApplicationKt in 0.393 seconds (JVM running for 1301.561)
2019-11-06 17:01:07.316  INFO 10408 --- [restartedMain] .ConditionEvaluationDeltaLoggingListener : Condition evaluation unchanged
2019-11-06 17:01:08.151  INFO 10408 --- [http-nio-8080-exec-1] o.a.c.c.C.[Tomcat].[localhost].[/]       : Initializing Spring DispatcherServlet 'dispatcherServlet'
2019-11-06 17:01:08.152  INFO 10408 --- [http-nio-8080-exec-1] o.s.web.servlet.DispatcherServlet        : Initializing Servlet 'dispatcherServlet'
2019-11-06 17:01:08.156  INFO 10408 --- [http-nio-8080-exec-1] o.s.web.servlet.DispatcherServlet        : Completed initialization in 4 ms
2019-11-06 17:03:37.584  INFO 10408 --- [Thread-46] o.s.s.concurrent.ThreadPoolTaskExecutor  : Shutting down ExecutorService 'applicationTaskExecutor'
2019-11-06 17:03:37.744  INFO 10408 --- [restartedMain] c.l.c.g.GiftManagementApplicationKt      : Starting GiftManagementApplicationKt on Windwos-LJH-W with PID 10408 (F:\idea_repository\gift_management\target\classes started by Administrator in F:\idea_repository\gift_management)
2019-11-06 17:03:37.744  INFO 10408 --- [restartedMain] c.l.c.g.GiftManagementApplicationKt      : No active profile set, falling back to default profiles: default
2019-11-06 17:03:37.971  INFO 10408 --- [restartedMain] o.s.b.w.embedded.tomcat.TomcatWebServer  : Tomcat initialized with port(s): 8080 (http)
2019-11-06 17:03:37.972  INFO 10408 --- [restartedMain] o.apache.catalina.core.StandardService   : Starting service [Tomcat]
2019-11-06 17:03:37.972  INFO 10408 --- [restartedMain] org.apache.catalina.core.StandardEngine  : Starting Servlet engine: [Apache Tomcat/9.0.26]
2019-11-06 17:03:37.984  INFO 10408 --- [restartedMain] o.a.c.c.C.[Tomcat].[localhost].[/]       : Initializing Spring embedded WebApplicationContext
2019-11-06 17:03:37.984  INFO 10408 --- [restartedMain] o.s.web.context.ContextLoader            : Root WebApplicationContext: initialization completed in 238 ms
2019-11-06 17:03:38.051  INFO 10408 --- [restartedMain] o.s.s.concurrent.ThreadPoolTaskExecutor  : Initializing ExecutorService 'applicationTaskExecutor'
2019-11-06 17:03:38.097  INFO 10408 --- [restartedMain] o.s.b.d.a.OptionalLiveReloadServer       : LiveReload server is running on port 35729
2019-11-06 17:03:38.109  INFO 10408 --- [restartedMain] o.s.b.w.embedded.tomcat.TomcatWebServer  : Tomcat started on port(s): 8080 (http) with context path ''
2019-11-06 17:03:38.109  INFO 10408 --- [restartedMain] c.l.c.g.GiftManagementApplicationKt      : Started GiftManagementApplicationKt in 0.384 seconds (JVM running for 1452.357)
2019-11-06 17:03:38.112  INFO 10408 --- [restartedMain] .ConditionEvaluationDeltaLoggingListener : Condition evaluation unchanged
2019-11-06 17:03:40.831  INFO 10408 --- [http-nio-8080-exec-2] o.a.c.c.C.[Tomcat].[localhost].[/]       : Initializing Spring DispatcherServlet 'dispatcherServlet'
2019-11-06 17:03:40.832  INFO 10408 --- [http-nio-8080-exec-2] o.s.web.servlet.DispatcherServlet        : Initializing Servlet 'dispatcherServlet'
2019-11-06 17:03:40.834  INFO 10408 --- [http-nio-8080-exec-2] o.s.web.servlet.DispatcherServlet        : Completed initialization in 2 ms
2019-11-06 17:03:40.836  WARN 10408 --- [http-nio-8080-exec-2] .w.s.m.s.DefaultHandlerExceptionResolver : Resolved [org.springframework.web.HttpRequestMethodNotSupportedException: Request method 'POST' not supported]
2019-11-06 17:04:36.256  INFO 10408 --- [Thread-53] o.s.s.concurrent.ThreadPoolTaskExecutor  : Shutting down ExecutorService 'applicationTaskExecutor'
2019-11-06 17:04:36.432  INFO 10408 --- [restartedMain] c.l.c.g.GiftManagementApplicationKt      : Starting GiftManagementApplicationKt on Windwos-LJH-W with PID 10408 (F:\idea_repository\gift_management\target\classes started by Administrator in F:\idea_repository\gift_management)
2019-11-06 17:04:36.432  INFO 10408 --- [restartedMain] c.l.c.g.GiftManagementApplicationKt      : No active profile set, falling back to default profiles: default
2019-11-06 17:04:36.660  INFO 10408 --- [restartedMain] o.s.b.w.embedded.tomcat.TomcatWebServer  : Tomcat initialized with port(s): 8080 (http)
2019-11-06 17:04:36.661  INFO 10408 --- [restartedMain] o.apache.catalina.core.StandardService   : Starting service [Tomcat]
2019-11-06 17:04:36.661  INFO 10408 --- [restartedMain] org.apache.catalina.core.StandardEngine  : Starting Servlet engine: [Apache Tomcat/9.0.26]
2019-11-06 17:04:36.673  INFO 10408 --- [restartedMain] o.a.c.c.C.[Tomcat].[localhost].[/]       : Initializing Spring embedded WebApplicationContext
2019-11-06 17:04:36.673  INFO 10408 --- [restartedMain] o.s.web.context.ContextLoader            : Root WebApplicationContext: initialization completed in 238 ms
2019-11-06 17:04:36.741  INFO 10408 --- [restartedMain] o.s.s.concurrent.ThreadPoolTaskExecutor  : Initializing ExecutorService 'applicationTaskExecutor'
2019-11-06 17:04:36.793  INFO 10408 --- [restartedMain] o.s.b.d.a.OptionalLiveReloadServer       : LiveReload server is running on port 35729
2019-11-06 17:04:36.807  INFO 10408 --- [restartedMain] o.s.b.w.embedded.tomcat.TomcatWebServer  : Tomcat started on port(s): 8080 (http) with context path ''
2019-11-06 17:04:36.808  INFO 10408 --- [restartedMain] c.l.c.g.GiftManagementApplicationKt      : Started GiftManagementApplicationKt in 0.397 seconds (JVM running for 1511.055)
2019-11-06 17:04:36.811  INFO 10408 --- [restartedMain] .ConditionEvaluationDeltaLoggingListener : Condition evaluation unchanged
2019-11-06 17:10:27.287  INFO 10408 --- [Thread-60] o.s.s.concurrent.ThreadPoolTaskExecutor  : Shutting down ExecutorService 'applicationTaskExecutor'
2019-11-06 17:10:27.456  INFO 10408 --- [restartedMain] c.l.c.g.GiftManagementApplicationKt      : Starting GiftManagementApplicationKt on Windwos-LJH-W with PID 10408 (F:\idea_repository\gift_management\target\classes started by Administrator in F:\idea_repository\gift_management)
2019-11-06 17:10:27.456  INFO 10408 --- [restartedMain] c.l.c.g.GiftManagementApplicationKt      : No active profile set, falling back to default profiles: default
2019-11-06 17:10:27.697  INFO 10408 --- [restartedMain] o.s.b.w.embedded.tomcat.TomcatWebServer  : Tomcat initialized with port(s): 8080 (http)
2019-11-06 17:10:27.697  INFO 10408 --- [restartedMain] o.apache.catalina.core.StandardService   : Starting service [Tomcat]
2019-11-06 17:10:27.697  INFO 10408 --- [restartedMain] org.apache.catalina.core.StandardEngine  : Starting Servlet engine: [Apache Tomcat/9.0.26]
2019-11-06 17:10:27.714  INFO 10408 --- [restartedMain] o.a.c.c.C.[Tomcat].[localhost].[/]       : Initializing Spring embedded WebApplicationContext
2019-11-06 17:10:27.714  INFO 10408 --- [restartedMain] o.s.web.context.ContextLoader            : Root WebApplicationContext: initialization completed in 256 ms
2019-11-06 17:10:27.790  INFO 10408 --- [restartedMain] o.s.s.concurrent.ThreadPoolTaskExecutor  : Initializing ExecutorService 'applicationTaskExecutor'
2019-11-06 17:10:27.854  INFO 10408 --- [restartedMain] o.s.b.d.a.OptionalLiveReloadServer       : LiveReload server is running on port 35729
2019-11-06 17:10:27.871  INFO 10408 --- [restartedMain] o.s.b.w.embedded.tomcat.TomcatWebServer  : Tomcat started on port(s): 8080 (http) with context path ''
2019-11-06 17:10:27.872  INFO 10408 --- [restartedMain] c.l.c.g.GiftManagementApplicationKt      : Started GiftManagementApplicationKt in 0.436 seconds (JVM running for 1862.119)
2019-11-06 17:10:27.878  INFO 10408 --- [restartedMain] .ConditionEvaluationDeltaLoggingListener : Condition evaluation unchanged
2019-11-06 17:10:55.452  INFO 10408 --- [Thread-67] o.s.s.concurrent.ThreadPoolTaskExecutor  : Shutting down ExecutorService 'applicationTaskExecutor'
2019-11-06 17:10:55.602  INFO 10408 --- [restartedMain] c.l.c.g.GiftManagementApplicationKt      : Starting GiftManagementApplicationKt on Windwos-LJH-W with PID 10408 (F:\idea_repository\gift_management\target\classes started by Administrator in F:\idea_repository\gift_management)
2019-11-06 17:10:55.603  INFO 10408 --- [restartedMain] c.l.c.g.GiftManagementApplicationKt      : No active profile set, falling back to default profiles: default
2019-11-06 17:10:55.810  INFO 10408 --- [restartedMain] o.s.b.w.embedded.tomcat.TomcatWebServer  : Tomcat initialized with port(s): 8080 (http)
2019-11-06 17:10:55.811  INFO 10408 --- [restartedMain] o.apache.catalina.core.StandardService   : Starting service [Tomcat]
2019-11-06 17:10:55.811  INFO 10408 --- [restartedMain] org.apache.catalina.core.StandardEngine  : Starting Servlet engine: [Apache Tomcat/9.0.26]
2019-11-06 17:10:55.823  INFO 10408 --- [restartedMain] o.a.c.c.C.[Tomcat].[localhost].[/]       : Initializing Spring embedded WebApplicationContext
2019-11-06 17:10:55.823  INFO 10408 --- [restartedMain] o.s.web.context.ContextLoader            : Root WebApplicationContext: initialization completed in 219 ms
2019-11-06 17:10:55.891  INFO 10408 --- [restartedMain] o.s.s.concurrent.ThreadPoolTaskExecutor  : Initializing ExecutorService 'applicationTaskExecutor'
2019-11-06 17:10:55.938  INFO 10408 --- [restartedMain] o.s.b.d.a.OptionalLiveReloadServer       : LiveReload server is running on port 35729
2019-11-06 17:10:55.950  INFO 10408 --- [restartedMain] o.s.b.w.embedded.tomcat.TomcatWebServer  : Tomcat started on port(s): 8080 (http) with context path ''
2019-11-06 17:10:55.950  INFO 10408 --- [restartedMain] c.l.c.g.GiftManagementApplicationKt      : Started GiftManagementApplicationKt in 0.366 seconds (JVM running for 1890.197)
2019-11-06 17:10:55.953  INFO 10408 --- [restartedMain] .ConditionEvaluationDeltaLoggingListener : Condition evaluation unchanged
2019-11-06 17:11:25.334  INFO 10408 --- [http-nio-8080-exec-3] o.a.c.c.C.[Tomcat].[localhost].[/]       : Initializing Spring DispatcherServlet 'dispatcherServlet'
2019-11-06 17:11:25.334  INFO 10408 --- [http-nio-8080-exec-3] o.s.web.servlet.DispatcherServlet        : Initializing Servlet 'dispatcherServlet'
2019-11-06 17:11:25.339  INFO 10408 --- [http-nio-8080-exec-3] o.s.web.servlet.DispatcherServlet        : Completed initialization in 5 ms
2019-11-06 17:11:55.093  INFO 10408 --- [Thread-74] o.s.s.concurrent.ThreadPoolTaskExecutor  : Shutting down ExecutorService 'applicationTaskExecutor'
2019-11-06 17:11:55.240  INFO 10408 --- [restartedMain] c.l.c.g.GiftManagementApplicationKt      : Starting GiftManagementApplicationKt on Windwos-LJH-W with PID 10408 (F:\idea_repository\gift_management\target\classes started by Administrator in F:\idea_repository\gift_management)
2019-11-06 17:11:55.240  INFO 10408 --- [restartedMain] c.l.c.g.GiftManagementApplicationKt      : No active profile set, falling back to default profiles: default
2019-11-06 17:11:55.583  INFO 10408 --- [restartedMain] o.s.b.w.embedded.tomcat.TomcatWebServer  : Tomcat initialized with port(s): 8080 (http)
2019-11-06 17:11:55.584  INFO 10408 --- [restartedMain] o.apache.catalina.core.StandardService   : Starting service [Tomcat]
2019-11-06 17:11:55.584  INFO 10408 --- [restartedMain] org.apache.catalina.core.StandardEngine  : Starting Servlet engine: [Apache Tomcat/9.0.26]
2019-11-06 17:11:55.608  INFO 10408 --- [restartedMain] o.a.c.c.C.[Tomcat].[localhost].[/]       : Initializing Spring embedded WebApplicationContext
2019-11-06 17:11:55.609  INFO 10408 --- [restartedMain] o.s.web.context.ContextLoader            : Root WebApplicationContext: initialization completed in 367 ms
2019-11-06 17:11:55.729  INFO 10408 --- [restartedMain] o.s.s.concurrent.ThreadPoolTaskExecutor  : Initializing ExecutorService 'applicationTaskExecutor'
2019-11-06 17:11:55.785  INFO 10408 --- [restartedMain] o.s.b.d.a.OptionalLiveReloadServer       : LiveReload server is running on port 35729
2019-11-06 17:11:55.804  INFO 10408 --- [restartedMain] o.s.b.w.embedded.tomcat.TomcatWebServer  : Tomcat started on port(s): 8080 (http) with context path ''
2019-11-06 17:11:55.805  INFO 10408 --- [restartedMain] c.l.c.g.GiftManagementApplicationKt      : Started GiftManagementApplicationKt in 0.583 seconds (JVM running for 1950.052)
2019-11-06 17:11:55.809  INFO 10408 --- [restartedMain] .ConditionEvaluationDeltaLoggingListener : Condition evaluation unchanged
2019-11-06 17:11:55.917  INFO 10408 --- [http-nio-8080-exec-3] o.a.c.c.C.[Tomcat].[localhost].[/]       : Initializing Spring DispatcherServlet 'dispatcherServlet'
2019-11-06 17:11:55.918  INFO 10408 --- [http-nio-8080-exec-3] o.s.web.servlet.DispatcherServlet        : Initializing Servlet 'dispatcherServlet'
2019-11-06 17:11:55.922  INFO 10408 --- [http-nio-8080-exec-3] o.s.web.servlet.DispatcherServlet        : Completed initialization in 4 ms
2019-11-06 17:12:27.766  INFO 10408 --- [Thread-81] o.s.s.concurrent.ThreadPoolTaskExecutor  : Shutting down ExecutorService 'applicationTaskExecutor'
2019-11-06 17:12:27.913  INFO 10408 --- [restartedMain] c.l.c.g.GiftManagementApplicationKt      : Starting GiftManagementApplicationKt on Windwos-LJH-W with PID 10408 (F:\idea_repository\gift_management\target\classes started by Administrator in F:\idea_repository\gift_management)
2019-11-06 17:12:27.913  INFO 10408 --- [restartedMain] c.l.c.g.GiftManagementApplicationKt      : No active profile set, falling back to default profiles: default
2019-11-06 17:12:28.152  INFO 10408 --- [restartedMain] o.s.b.w.embedded.tomcat.TomcatWebServer  : Tomcat initialized with port(s): 8080 (http)
2019-11-06 17:12:28.153  INFO 10408 --- [restartedMain] o.apache.catalina.core.StandardService   : Starting service [Tomcat]
2019-11-06 17:12:28.153  INFO 10408 --- [restartedMain] org.apache.catalina.core.StandardEngine  : Starting Servlet engine: [Apache Tomcat/9.0.26]
2019-11-06 17:12:28.166  INFO 10408 --- [restartedMain] o.a.c.c.C.[Tomcat].[localhost].[/]       : Initializing Spring embedded WebApplicationContext
2019-11-06 17:12:28.166  INFO 10408 --- [restartedMain] o.s.web.context.ContextLoader            : Root WebApplicationContext: initialization completed in 251 ms
2019-11-06 17:12:28.242  INFO 10408 --- [restartedMain] o.s.s.concurrent.ThreadPoolTaskExecutor  : Initializing ExecutorService 'applicationTaskExecutor'
2019-11-06 17:12:28.299  INFO 10408 --- [restartedMain] o.s.b.d.a.OptionalLiveReloadServer       : LiveReload server is running on port 35729
2019-11-06 17:12:28.312  INFO 10408 --- [restartedMain] o.s.b.w.embedded.tomcat.TomcatWebServer  : Tomcat started on port(s): 8080 (http) with context path ''
2019-11-06 17:12:28.313  INFO 10408 --- [restartedMain] c.l.c.g.GiftManagementApplicationKt      : Started GiftManagementApplicationKt in 0.418 seconds (JVM running for 1982.56)
2019-11-06 17:12:28.317  INFO 10408 --- [restartedMain] .ConditionEvaluationDeltaLoggingListener : Condition evaluation unchanged
2019-11-06 17:12:31.310  INFO 10408 --- [http-nio-8080-exec-2] o.a.c.c.C.[Tomcat].[localhost].[/]       : Initializing Spring DispatcherServlet 'dispatcherServlet'
2019-11-06 17:12:31.311  INFO 10408 --- [http-nio-8080-exec-2] o.s.web.servlet.DispatcherServlet        : Initializing Servlet 'dispatcherServlet'
2019-11-06 17:12:31.313  INFO 10408 --- [http-nio-8080-exec-2] o.s.web.servlet.DispatcherServlet        : Completed initialization in 2 ms
2019-11-06 17:12:49.794  INFO 14008 --- [restartedMain] c.l.c.g.GiftManagementApplicationKt      : Starting GiftManagementApplicationKt on Windwos-LJH-W with PID 14008 (F:\idea_repository\gift_management\target\classes started by Administrator in F:\idea_repository\gift_management)
2019-11-06 17:12:49.795  INFO 14008 --- [restartedMain] c.l.c.g.GiftManagementApplicationKt      : No active profile set, falling back to default profiles: default
2019-11-06 17:12:49.829  INFO 14008 --- [restartedMain] .e.DevToolsPropertyDefaultsPostProcessor : Devtools property defaults active! Set 'spring.devtools.add-properties' to 'false' to disable
2019-11-06 17:12:49.829  INFO 14008 --- [restartedMain] .e.DevToolsPropertyDefaultsPostProcessor : For additional web related logging consider setting the 'logging.level.web' property to 'DEBUG'
2019-11-06 17:12:49.866  WARN 14008 --- [background-preinit] o.s.h.c.j.Jackson2ObjectMapperBuilder    : For Jackson Kotlin classes support please add "com.fasterxml.jackson.module:jackson-module-kotlin" to the classpath
2019-11-06 17:12:50.842  INFO 14008 --- [restartedMain] o.s.b.w.embedded.tomcat.TomcatWebServer  : Tomcat initialized with port(s): 8080 (http)
2019-11-06 17:12:50.856  INFO 14008 --- [restartedMain] o.apache.catalina.core.StandardService   : Starting service [Tomcat]
2019-11-06 17:12:50.856  INFO 14008 --- [restartedMain] org.apache.catalina.core.StandardEngine  : Starting Servlet engine: [Apache Tomcat/9.0.26]
2019-11-06 17:12:50.925  INFO 14008 --- [restartedMain] o.a.c.c.C.[Tomcat].[localhost].[/]       : Initializing Spring embedded WebApplicationContext
2019-11-06 17:12:50.925  INFO 14008 --- [restartedMain] o.s.web.context.ContextLoader            : Root WebApplicationContext: initialization completed in 1096 ms
2019-11-06 17:12:51.252  INFO 14008 --- [restartedMain] o.s.s.concurrent.ThreadPoolTaskExecutor  : Initializing ExecutorService 'applicationTaskExecutor'
2019-11-06 17:12:51.407  INFO 14008 --- [restartedMain] o.s.b.d.a.OptionalLiveReloadServer       : LiveReload server is running on port 35729
2019-11-06 17:12:51.443  INFO 14008 --- [restartedMain] o.s.b.w.embedded.tomcat.TomcatWebServer  : Tomcat started on port(s): 8080 (http) with context path ''
2019-11-06 17:12:51.445  INFO 14008 --- [restartedMain] c.l.c.g.GiftManagementApplicationKt      : Started GiftManagementApplicationKt in 1.882 seconds (JVM running for 2.342)
2019-11-06 17:12:53.384  INFO 14008 --- [http-nio-8080-exec-1] o.a.c.c.C.[Tomcat].[localhost].[/]       : Initializing Spring DispatcherServlet 'dispatcherServlet'
2019-11-06 17:12:53.384  INFO 14008 --- [http-nio-8080-exec-1] o.s.web.servlet.DispatcherServlet        : Initializing Servlet 'dispatcherServlet'
2019-11-06 17:12:53.389  INFO 14008 --- [http-nio-8080-exec-1] o.s.web.servlet.DispatcherServlet        : Completed initialization in 4 ms
2019-11-06 17:13:15.442  INFO 18844 --- [restartedMain] c.l.c.g.GiftManagementApplicationKt      : Starting GiftManagementApplicationKt on Windwos-LJH-W with PID 18844 (F:\idea_repository\gift_management\target\classes started by Administrator in F:\idea_repository\gift_management)
2019-11-06 17:13:15.443  INFO 18844 --- [restartedMain] c.l.c.g.GiftManagementApplicationKt      : No active profile set, falling back to default profiles: default
2019-11-06 17:13:15.480  INFO 18844 --- [restartedMain] .e.DevToolsPropertyDefaultsPostProcessor : Devtools property defaults active! Set 'spring.devtools.add-properties' to 'false' to disable
2019-11-06 17:13:15.480  INFO 18844 --- [restartedMain] .e.DevToolsPropertyDefaultsPostProcessor : For additional web related logging consider setting the 'logging.level.web' property to 'DEBUG'
2019-11-06 17:13:15.516  WARN 18844 --- [background-preinit] o.s.h.c.j.Jackson2ObjectMapperBuilder    : For Jackson Kotlin classes support please add "com.fasterxml.jackson.module:jackson-module-kotlin" to the classpath
2019-11-06 17:13:16.515  INFO 18844 --- [restartedMain] o.s.b.w.embedded.tomcat.TomcatWebServer  : Tomcat initialized with port(s): 8080 (http)
2019-11-06 17:13:16.529  INFO 18844 --- [restartedMain] o.apache.catalina.core.StandardService   : Starting service [Tomcat]
2019-11-06 17:13:16.529  INFO 18844 --- [restartedMain] org.apache.catalina.core.StandardEngine  : Starting Servlet engine: [Apache Tomcat/9.0.26]
2019-11-06 17:13:16.593  INFO 18844 --- [restartedMain] o.a.c.c.C.[Tomcat].[localhost].[/]       : Initializing Spring embedded WebApplicationContext
2019-11-06 17:13:16.593  INFO 18844 --- [restartedMain] o.s.web.context.ContextLoader            : Root WebApplicationContext: initialization completed in 1113 ms
2019-11-06 17:13:16.913  INFO 18844 --- [restartedMain] o.s.s.concurrent.ThreadPoolTaskExecutor  : Initializing ExecutorService 'applicationTaskExecutor'
2019-11-06 17:13:17.065  INFO 18844 --- [restartedMain] o.s.b.d.a.OptionalLiveReloadServer       : LiveReload server is running on port 35729
2019-11-06 17:13:17.096  INFO 18844 --- [restartedMain] o.s.b.w.embedded.tomcat.TomcatWebServer  : Tomcat started on port(s): 8080 (http) with context path ''
2019-11-06 17:13:17.098  INFO 18844 --- [restartedMain] c.l.c.g.GiftManagementApplicationKt      : Started GiftManagementApplicationKt in 1.895 seconds (JVM running for 2.352)
2019-11-06 17:13:23.226  INFO 18844 --- [http-nio-8080-exec-1] o.a.c.c.C.[Tomcat].[localhost].[/]       : Initializing Spring DispatcherServlet 'dispatcherServlet'
2019-11-06 17:13:23.226  INFO 18844 --- [http-nio-8080-exec-1] o.s.web.servlet.DispatcherServlet        : Initializing Servlet 'dispatcherServlet'
2019-11-06 17:13:23.231  INFO 18844 --- [http-nio-8080-exec-1] o.s.web.servlet.DispatcherServlet        : Completed initialization in 4 ms
2019-11-06 17:13:24.917  INFO 18844 --- [Thread-9] o.s.s.concurrent.ThreadPoolTaskExecutor  : Shutting down ExecutorService 'applicationTaskExecutor'
2019-11-06 17:13:25.494  INFO 18844 --- [restartedMain] c.l.c.g.GiftManagementApplicationKt      : Starting GiftManagementApplicationKt on Windwos-LJH-W with PID 18844 (F:\idea_repository\gift_management\target\classes started by Administrator in F:\idea_repository\gift_management)
2019-11-06 17:13:25.494  INFO 18844 --- [restartedMain] c.l.c.g.GiftManagementApplicationKt      : No active profile set, falling back to default profiles: default
2019-11-06 17:13:25.806  INFO 18844 --- [restartedMain] o.s.b.w.embedded.tomcat.TomcatWebServer  : Tomcat initialized with port(s): 8080 (http)
2019-11-06 17:13:25.806  INFO 18844 --- [restartedMain] o.apache.catalina.core.StandardService   : Starting service [Tomcat]
2019-11-06 17:13:25.807  INFO 18844 --- [restartedMain] org.apache.catalina.core.StandardEngine  : Starting Servlet engine: [Apache Tomcat/9.0.26]
2019-11-06 17:13:25.824  INFO 18844 --- [restartedMain] o.a.c.c.C.[Tomcat].[localhost].[/]       : Initializing Spring embedded WebApplicationContext
2019-11-06 17:13:25.824  INFO 18844 --- [restartedMain] o.s.web.context.ContextLoader            : Root WebApplicationContext: initialization completed in 328 ms
2019-11-06 17:13:25.913  INFO 18844 --- [restartedMain] o.s.s.concurrent.ThreadPoolTaskExecutor  : Initializing ExecutorService 'applicationTaskExecutor'
2019-11-06 17:13:25.974  INFO 18844 --- [restartedMain] o.s.b.d.a.OptionalLiveReloadServer       : LiveReload server is running on port 35729
2019-11-06 17:13:25.989  INFO 18844 --- [restartedMain] o.s.b.w.embedded.tomcat.TomcatWebServer  : Tomcat started on port(s): 8080 (http) with context path ''
2019-11-06 17:13:25.989  INFO 18844 --- [restartedMain] c.l.c.g.GiftManagementApplicationKt      : Started GiftManagementApplicationKt in 0.523 seconds (JVM running for 11.244)
2019-11-06 17:13:25.994  INFO 18844 --- [restartedMain] .ConditionEvaluationDeltaLoggingListener : Condition evaluation unchanged
2019-11-06 17:13:26.137  INFO 18844 --- [http-nio-8080-exec-1] o.a.c.c.C.[Tomcat].[localhost].[/]       : Initializing Spring DispatcherServlet 'dispatcherServlet'
2019-11-06 17:13:26.138  INFO 18844 --- [http-nio-8080-exec-1] o.s.web.servlet.DispatcherServlet        : Initializing Servlet 'dispatcherServlet'
2019-11-06 17:13:26.142  INFO 18844 --- [http-nio-8080-exec-1] o.s.web.servlet.DispatcherServlet        : Completed initialization in 4 ms
2019-11-06 17:13:47.902  INFO 18844 --- [Thread-18] o.s.s.concurrent.ThreadPoolTaskExecutor  : Shutting down ExecutorService 'applicationTaskExecutor'
2019-11-06 17:13:48.079  INFO 18844 --- [restartedMain] c.l.c.g.GiftManagementApplicationKt      : Starting GiftManagementApplicationKt on Windwos-LJH-W with PID 18844 (F:\idea_repository\gift_management\target\classes started by Administrator in F:\idea_repository\gift_management)
2019-11-06 17:13:48.079  INFO 18844 --- [restartedMain] c.l.c.g.GiftManagementApplicationKt      : No active profile set, falling back to default profiles: default
2019-11-06 17:13:48.323  INFO 18844 --- [restartedMain] o.s.b.w.embedded.tomcat.TomcatWebServer  : Tomcat initialized with port(s): 8080 (http)
2019-11-06 17:13:48.324  INFO 18844 --- [restartedMain] o.apache.catalina.core.StandardService   : Starting service [Tomcat]
2019-11-06 17:13:48.324  INFO 18844 --- [restartedMain] org.apache.catalina.core.StandardEngine  : Starting Servlet engine: [Apache Tomcat/9.0.26]
2019-11-06 17:13:48.337  INFO 18844 --- [restartedMain] o.a.c.c.C.[Tomcat].[localhost].[/]       : Initializing Spring embedded WebApplicationContext
2019-11-06 17:13:48.337  INFO 18844 --- [restartedMain] o.s.web.context.ContextLoader            : Root WebApplicationContext: initialization completed in 256 ms
2019-11-06 17:13:48.429  INFO 18844 --- [restartedMain] o.s.s.concurrent.ThreadPoolTaskExecutor  : Initializing ExecutorService 'applicationTaskExecutor'
2019-11-06 17:13:48.505  INFO 18844 --- [restartedMain] o.s.b.d.a.OptionalLiveReloadServer       : LiveReload server is running on port 35729
2019-11-06 17:13:48.518  INFO 18844 --- [restartedMain] o.s.b.w.embedded.tomcat.TomcatWebServer  : Tomcat started on port(s): 8080 (http) with context path ''
2019-11-06 17:13:48.518  INFO 18844 --- [restartedMain] c.l.c.g.GiftManagementApplicationKt      : Started GiftManagementApplicationKt in 0.462 seconds (JVM running for 33.773)
2019-11-06 17:13:48.524  INFO 18844 --- [restartedMain] .ConditionEvaluationDeltaLoggingListener : Condition evaluation unchanged
2019-11-06 17:13:50.037  INFO 18844 --- [http-nio-8080-exec-1] o.a.c.c.C.[Tomcat].[localhost].[/]       : Initializing Spring DispatcherServlet 'dispatcherServlet'
2019-11-06 17:13:50.038  INFO 18844 --- [http-nio-8080-exec-1] o.s.web.servlet.DispatcherServlet        : Initializing Servlet 'dispatcherServlet'
2019-11-06 17:13:50.041  INFO 18844 --- [http-nio-8080-exec-1] o.s.web.servlet.DispatcherServlet        : Completed initialization in 3 ms
2019-11-06 17:14:08.584  INFO 19848 --- [restartedMain] c.l.c.g.GiftManagementApplicationKt      : Starting GiftManagementApplicationKt on Windwos-LJH-W with PID 19848 (F:\idea_repository\gift_management\target\classes started by Administrator in F:\idea_repository\gift_management)
2019-11-06 17:14:08.586  INFO 19848 --- [restartedMain] c.l.c.g.GiftManagementApplicationKt      : No active profile set, falling back to default profiles: default
2019-11-06 17:14:08.621  INFO 19848 --- [restartedMain] .e.DevToolsPropertyDefaultsPostProcessor : Devtools property defaults active! Set 'spring.devtools.add-properties' to 'false' to disable
2019-11-06 17:14:08.621  INFO 19848 --- [restartedMain] .e.DevToolsPropertyDefaultsPostProcessor : For additional web related logging consider setting the 'logging.level.web' property to 'DEBUG'
2019-11-06 17:14:08.660  WARN 19848 --- [background-preinit] o.s.h.c.j.Jackson2ObjectMapperBuilder    : For Jackson Kotlin classes support please add "com.fasterxml.jackson.module:jackson-module-kotlin" to the classpath
2019-11-06 17:14:09.667  INFO 19848 --- [restartedMain] o.s.b.w.embedded.tomcat.TomcatWebServer  : Tomcat initialized with port(s): 8080 (http)
2019-11-06 17:14:09.681  INFO 19848 --- [restartedMain] o.apache.catalina.core.StandardService   : Starting service [Tomcat]
2019-11-06 17:14:09.682  INFO 19848 --- [restartedMain] org.apache.catalina.core.StandardEngine  : Starting Servlet engine: [Apache Tomcat/9.0.26]
2019-11-06 17:14:09.746  INFO 19848 --- [restartedMain] o.a.c.c.C.[Tomcat].[localhost].[/]       : Initializing Spring embedded WebApplicationContext
2019-11-06 17:14:09.747  INFO 19848 --- [restartedMain] o.s.web.context.ContextLoader            : Root WebApplicationContext: initialization completed in 1126 ms
2019-11-06 17:14:10.070  INFO 19848 --- [restartedMain] o.s.s.concurrent.ThreadPoolTaskExecutor  : Initializing ExecutorService 'applicationTaskExecutor'
2019-11-06 17:14:10.225  INFO 19848 --- [restartedMain] o.s.b.d.a.OptionalLiveReloadServer       : LiveReload server is running on port 35729
2019-11-06 17:14:10.258  INFO 19848 --- [restartedMain] o.s.b.w.embedded.tomcat.TomcatWebServer  : Tomcat started on port(s): 8080 (http) with context path ''
2019-11-06 17:14:10.260  INFO 19848 --- [restartedMain] c.l.c.g.GiftManagementApplicationKt      : Started GiftManagementApplicationKt in 1.947 seconds (JVM running for 2.404)
2019-11-06 17:14:13.181  INFO 19848 --- [http-nio-8080-exec-1] o.a.c.c.C.[Tomcat].[localhost].[/]       : Initializing Spring DispatcherServlet 'dispatcherServlet'
2019-11-06 17:14:13.181  INFO 19848 --- [http-nio-8080-exec-1] o.s.web.servlet.DispatcherServlet        : Initializing Servlet 'dispatcherServlet'
2019-11-06 17:14:13.185  INFO 19848 --- [http-nio-8080-exec-1] o.s.web.servlet.DispatcherServlet        : Completed initialization in 4 ms
2019-11-06 17:15:32.573  INFO 19848 --- [Thread-9] o.s.s.concurrent.ThreadPoolTaskExecutor  : Shutting down ExecutorService 'applicationTaskExecutor'
2019-11-06 17:15:32.741  INFO 19848 --- [restartedMain] c.l.c.g.GiftManagementApplicationKt      : Starting GiftManagementApplicationKt on Windwos-LJH-W with PID 19848 (F:\idea_repository\gift_management\target\classes started by Administrator in F:\idea_repository\gift_management)
2019-11-06 17:15:32.741  INFO 19848 --- [restartedMain] c.l.c.g.GiftManagementApplicationKt      : No active profile set, falling back to default profiles: default
2019-11-06 17:15:32.996  INFO 19848 --- [restartedMain] o.s.b.w.embedded.tomcat.TomcatWebServer  : Tomcat initialized with port(s): 8080 (http)
2019-11-06 17:15:32.997  INFO 19848 --- [restartedMain] o.apache.catalina.core.StandardService   : Starting service [Tomcat]
2019-11-06 17:15:32.997  INFO 19848 --- [restartedMain] org.apache.catalina.core.StandardEngine  : Starting Servlet engine: [Apache Tomcat/9.0.26]
2019-11-06 17:15:33.013  INFO 19848 --- [restartedMain] o.a.c.c.C.[Tomcat].[localhost].[/]       : Initializing Spring embedded WebApplicationContext
2019-11-06 17:15:33.014  INFO 19848 --- [restartedMain] o.s.web.context.ContextLoader            : Root WebApplicationContext: initialization completed in 271 ms
2019-11-06 17:15:33.112  INFO 19848 --- [restartedMain] o.s.s.concurrent.ThreadPoolTaskExecutor  : Initializing ExecutorService 'applicationTaskExecutor'
2019-11-06 17:15:33.181  INFO 19848 --- [restartedMain] o.s.b.d.a.OptionalLiveReloadServer       : LiveReload server is running on port 35729
2019-11-06 17:15:33.203  INFO 19848 --- [restartedMain] o.s.b.w.embedded.tomcat.TomcatWebServer  : Tomcat started on port(s): 8080 (http) with context path ''
2019-11-06 17:15:33.204  INFO 19848 --- [restartedMain] c.l.c.g.GiftManagementApplicationKt      : Started GiftManagementApplicationKt in 0.486 seconds (JVM running for 85.348)
2019-11-06 17:15:33.210  INFO 19848 --- [restartedMain] .ConditionEvaluationDeltaLoggingListener : Condition evaluation unchanged
2019-11-06 17:17:43.575  INFO 18748 --- [restartedMain] c.l.c.g.GiftManagementApplicationKt      : Starting GiftManagementApplicationKt on Windwos-LJH-W with PID 18748 (F:\idea_repository\gift_management\target\classes started by Administrator in F:\idea_repository\gift_management)
2019-11-06 17:17:43.576  INFO 18748 --- [restartedMain] c.l.c.g.GiftManagementApplicationKt      : No active profile set, falling back to default profiles: default
2019-11-06 17:17:43.617  INFO 18748 --- [restartedMain] .e.DevToolsPropertyDefaultsPostProcessor : Devtools property defaults active! Set 'spring.devtools.add-properties' to 'false' to disable
2019-11-06 17:17:43.617  INFO 18748 --- [restartedMain] .e.DevToolsPropertyDefaultsPostProcessor : For additional web related logging consider setting the 'logging.level.web' property to 'DEBUG'
2019-11-06 17:17:43.648  WARN 18748 --- [background-preinit] o.s.h.c.j.Jackson2ObjectMapperBuilder    : For Jackson Kotlin classes support please add "com.fasterxml.jackson.module:jackson-module-kotlin" to the classpath
2019-11-06 17:17:44.738  INFO 18748 --- [restartedMain] o.s.b.w.embedded.tomcat.TomcatWebServer  : Tomcat initialized with port(s): 8080 (http)
2019-11-06 17:17:44.752  INFO 18748 --- [restartedMain] o.apache.catalina.core.StandardService   : Starting service [Tomcat]
2019-11-06 17:17:44.752  INFO 18748 --- [restartedMain] org.apache.catalina.core.StandardEngine  : Starting Servlet engine: [Apache Tomcat/9.0.26]
2019-11-06 17:17:44.818  INFO 18748 --- [restartedMain] o.a.c.c.C.[Tomcat].[localhost].[/]       : Initializing Spring embedded WebApplicationContext
2019-11-06 17:17:44.819  INFO 18748 --- [restartedMain] o.s.web.context.ContextLoader            : Root WebApplicationContext: initialization completed in 1202 ms
2019-11-06 17:17:44.857  WARN 18748 --- [restartedMain] ConfigServletWebServerApplicationContext : Exception encountered during context initialization - cancelling refresh attempt: org.springframework.beans.factory.BeanCreationException: Error creating bean with name 'spyMemcachedController': Injection of resource dependencies failed; nested exception is org.springframework.beans.factory.NoSuchBeanDefinitionException: No bean named 'config' available
2019-11-06 17:17:44.859  INFO 18748 --- [restartedMain] o.apache.catalina.core.StandardService   : Stopping service [Tomcat]
2019-11-06 17:17:44.869  INFO 18748 --- [restartedMain] ConditionEvaluationReportLoggingListener : 

Error starting ApplicationContext. To display the conditions report re-run your application with 'debug' enabled.
2019-11-06 17:17:44.947 ERROR 18748 --- [restartedMain] o.s.b.d.LoggingFailureAnalysisReporter   : 

***************************
APPLICATION FAILED TO START
***************************

Description:

A component required a bean named 'config' that could not be found.


Action:

Consider defining a bean named 'config' in your configuration.

